# JRE version: OpenJDK Runtime Environment (8.0_242) (build 1.8.0_242-release-1644-b3-6222593)
# Java VM: OpenJDK 64-Bit Server VM (25.242-b3-6222593 mixed mode linux-amd64 compressed oops)
Heap:
 PSYoungGen      total 469504K, used 446162K [0x00000000e0000000, 0x00000000ffa80000, 0x0000000100000000)
  eden space 423424K, 100% used [0x00000000e0000000,0x00000000f9d80000,0x00000000f9d80000)
  from space 46080K, 49% used [0x00000000fcd80000,0x00000000fe3b4a80,0x00000000ffa80000)
  to   space 47616K, 15% used [0x00000000f9d80000,0x00000000fa4ecc38,0x00000000fcc00000)
 ParOldGen       total 266752K, used 235306K [0x00000000a0000000, 0x00000000b0480000, 0x00000000e0000000)
  object space 266752K, 88% used [0x00000000a0000000,0x00000000ae5ca8e8,0x00000000b0480000)
 Metaspace       used 93694K, capacity 97852K, committed 97944K, reserved 1134592K
  class space    used 11989K, capacity 12861K, committed 12952K, reserved 1048576K
GC Heap History (10 events):
Event: 45.234 GC heap after
Heap after GC invocations=22 (full 4):
 PSYoungGen      total 463360K, used 17584K [0x00000000e0000000, 0x00000000ffa00000, 0x0000000100000000)
  eden space 413696K, 0% used [0x00000000e0000000,0x00000000e0000000,0x00000000f9400000)
  from space 49664K, 35% used [0x00000000fc980000,0x00000000fdaac2a8,0x00000000ffa00000)
  to   space 52224K, 0% used [0x00000000f9400000,0x00000000f9400000,0x00000000fc700000)
 ParOldGen       total 266752K, used 191410K [0x00000000a0000000, 0x00000000b0480000, 0x00000000e0000000)
  object space 266752K, 71% used [0x00000000a0000000,0x00000000abaec9c8,0x00000000b0480000)
 Metaspace       used 93500K, capacity 97632K, committed 97944K, reserved 1134592K
  class space    used 11985K, capacity 12859K, committed 12952K, reserved 1048576K
}
Event: 46.023 GC heap before
{Heap before GC invocations=23 (full 4):
 PSYoungGen      total 463360K, used 431280K [0x00000000e0000000, 0x00000000ffa00000, 0x0000000100000000)
  eden space 413696K, 100% used [0x00000000e0000000,0x00000000f9400000,0x00000000f9400000)
  from space 49664K, 35% used [0x00000000fc980000,0x00000000fdaac2a8,0x00000000ffa00000)
  to   space 52224K, 0% used [0x00000000f9400000,0x00000000f9400000,0x00000000fc700000)
 ParOldGen       total 266752K, used 191410K [0x00000000a0000000, 0x00000000b0480000, 0x00000000e0000000)
  object space 266752K, 71% used [0x00000000a0000000,0x00000000abaec9c8,0x00000000b0480000)
 Metaspace       used 93531K, capacity 97640K, committed 97944K, reserved 1134592K
  class space    used 11985K, capacity 12859K, committed 12952K, reserved 1048576K
Event: 46.061 GC heap after
Heap after GC invocations=23 (full 4):
 PSYoungGen      total 465920K, used 6084K [0x00000000e0000000, 0x0000000100000000, 0x0000000100000000)
  eden space 413696K, 0% used [0x00000000e0000000,0x00000000e0000000,0x00000000f9400000)
  from space 52224K, 11% used [0x00000000f9400000,0x00000000f99f1260,0x00000000fc700000)
  to   space 52224K, 0% used [0x00000000fcd00000,0x00000000fcd00000,0x0000000100000000)
 ParOldGen       total 266752K, used 206054K [0x00000000a0000000, 0x00000000b0480000, 0x00000000e0000000)
  object space 266752K, 77% used [0x00000000a0000000,0x00000000ac939b28,0x00000000b0480000)
 Metaspace       used 93531K, capacity 97640K, committed 97944K, reserved 1134592K
  class space    used 11985K, capacity 12859K, committed 12952K, reserved 1048576K
}
Event: 46.843 GC heap before
{Heap before GC invocations=24 (full 4):
 PSYoungGen      total 465920K, used 419780K [0x00000000e0000000, 0x0000000100000000, 0x0000000100000000)
  eden space 413696K, 100% used [0x00000000e0000000,0x00000000f9400000,0x00000000f9400000)
  from space 52224K, 11% used [0x00000000f9400000,0x00000000f99f1260,0x00000000fc700000)
  to   space 52224K, 0% used [0x00000000fcd00000,0x00000000fcd00000,0x0000000100000000)
 ParOldGen       total 266752K, used 206054K [0x00000000a0000000, 0x00000000b0480000, 0x00000000e0000000)
  object space 266752K, 77% used [0x00000000a0000000,0x00000000ac939b28,0x00000000b0480000)
 Metaspace       used 93557K, capacity 97704K, committed 97944K, reserved 1134592K
  class space    used 11986K, capacity 12859K, committed 12952K, reserved 1048576K
Event: 46.866 GC heap after
Heap after GC invocations=24 (full 4):
 PSYoungGen      total 470016K, used 9339K [0x00000000e0000000, 0x00000000ffe00000, 0x0000000100000000)
  eden space 419840K, 0% used [0x00000000e0000000,0x00000000e0000000,0x00000000f9a00000)
  from space 50176K, 18% used [0x00000000fcd00000,0x00000000fd61ed38,0x00000000ffe00000)
  to   space 51200K, 0% used [0x00000000f9a00000,0x00000000f9a00000,0x00000000fcc00000)
 ParOldGen       total 266752K, used 210993K [0x00000000a0000000, 0x00000000b0480000, 0x00000000e0000000)
  object space 266752K, 79% used [0x00000000a0000000,0x00000000ace0c6a8,0x00000000b0480000)
 Metaspace       used 93557K, capacity 97704K, committed 97944K, reserved 1134592K
  class space    used 11986K, capacity 12859K, committed 12952K, reserved 1048576K
}
Event: 47.712 GC heap before
{Heap before GC invocations=25 (full 4):
 PSYoungGen      total 470016K, used 429179K [0x00000000e0000000, 0x00000000ffe00000, 0x0000000100000000)
  eden space 419840K, 100% used [0x00000000e0000000,0x00000000f9a00000,0x00000000f9a00000)
  from space 50176K, 18% used [0x00000000fcd00000,0x00000000fd61ed38,0x00000000ffe00000)
  to   space 51200K, 0% used [0x00000000f9a00000,0x00000000f9a00000,0x00000000fcc00000)
 ParOldGen       total 266752K, used 210993K [0x00000000a0000000, 0x00000000b0480000, 0x00000000e0000000)
  object space 266752K, 79% used [0x00000000a0000000,0x00000000ace0c6a8,0x00000000b0480000)
 Metaspace       used 93599K, capacity 97776K, committed 97944K, reserved 1134592K
  class space    used 11987K, capacity 12859K, committed 12952K, reserved 1048576K
Event: 47.743 GC heap after
Heap after GC invocations=25 (full 4):
 PSYoungGen      total 471040K, used 12020K [0x00000000e0000000, 0x00000000ffe00000, 0x0000000100000000)
  eden space 419840K, 0% used [0x00000000e0000000,0x00000000e0000000,0x00000000f9a00000)
  from space 51200K, 23% used [0x00000000f9a00000,0x00000000fa5bd310,0x00000000fcc00000)
  to   space 49664K, 0% used [0x00000000fcd80000,0x00000000fcd80000,0x00000000ffe00000)
 ParOldGen       total 266752K, used 218464K [0x00000000a0000000, 0x00000000b0480000, 0x00000000e0000000)
  object space 266752K, 81% used [0x00000000a0000000,0x00000000ad558178,0x00000000b0480000)
 Metaspace       used 93599K, capacity 97776K, committed 97944K, reserved 1134592K
  class space    used 11987K, capacity 12859K, committed 12952K, reserved 1048576K
}
Event: 48.530 GC heap before
{Heap before GC invocations=26 (full 4):
 PSYoungGen      total 471040K, used 431860K [0x00000000e0000000, 0x00000000ffe00000, 0x0000000100000000)
  eden space 419840K, 100% used [0x00000000e0000000,0x00000000f9a00000,0x00000000f9a00000)
  from space 51200K, 23% used [0x00000000f9a00000,0x00000000fa5bd310,0x00000000fcc00000)
  to   space 49664K, 0% used [0x00000000fcd80000,0x00000000fcd80000,0x00000000ffe00000)
 ParOldGen       total 266752K, used 218464K [0x00000000a0000000, 0x00000000b0480000, 0x00000000e0000000)
  object space 266752K, 81% used [0x00000000a0000000,0x00000000ad558178,0x00000000b0480000)
 Metaspace       used 93649K, capacity 97780K, committed 97944K, reserved 1134592K
  class space    used 11987K, capacity 12859K, committed 12952K, reserved 1048576K
Event: 48.572 GC heap after
Heap after GC invocations=26 (full 4):
 PSYoungGen      total 469504K, used 22738K [0x00000000e0000000, 0x00000000ffa80000, 0x0000000100000000)
  eden space 423424K, 0% used [0x00000000e0000000,0x00000000e0000000,0x00000000f9d80000)
  from space 46080K, 49% used [0x00000000fcd80000,0x00000000fe3b4a80,0x00000000ffa80000)
  to   space 47616K, 0% used [0x00000000f9d80000,0x00000000f9d80000,0x00000000fcc00000)
 ParOldGen       total 266752K, used 225047K [0x00000000a0000000, 0x00000000b0480000, 0x00000000e0000000)
  object space 266752K, 84% used [0x00000000a0000000,0x00000000adbc5de0,0x00000000b0480000)
 Metaspace       used 93649K, capacity 97780K, committed 97944K, reserved 1134592K
  class space    used 11987K, capacity 12859K, committed 12952K, reserved 1048576K
}
Event: 49.361 GC heap before
{Heap before GC invocations=27 (full 4):
 PSYoungGen      total 469504K, used 446162K [0x00000000e0000000, 0x00000000ffa80000, 0x0000000100000000)
  eden space 423424K, 100% used [0x00000000e0000000,0x00000000f9d80000,0x00000000f9d80000)
  from space 46080K, 49% used [0x00000000fcd80000,0x00000000fe3b4a80,0x00000000ffa80000)
  to   space 47616K, 0% used [0x00000000f9d80000,0x00000000f9d80000,0x00000000fcc00000)
 ParOldGen       total 266752K, used 225047K [0x00000000a0000000, 0x00000000b0480000, 0x00000000e0000000)
  object space 266752K, 84% used [0x00000000a0000000,0x00000000adbc5de0,0x00000000b0480000)
 Metaspace       used 93694K, capacity 97852K, committed 97944K, reserved 1134592K
  class space    used 11989K, capacity 12861K, committed 12952K, reserved 1048576K

