# JRE version: OpenJDK Runtime Environment (8.0_212-b04) (build 1.8.0_212-release-1586-b04)
# Java VM: OpenJDK 64-Bit Server VM (25.212-b04 mixed mode windows-amd64 compressed oops)
Heap:
 PSYoungGen      total 300032K, used 269950K [0x00000000e0000000, 0x00000000f3e00000, 0x0000000100000000)
  eden space 280576K, 92% used [0x00000000e0000000,0x00000000efd6be60,0x00000000f1200000)
  from space 19456K, 53% used [0x00000000f2b00000,0x00000000f3533c78,0x00000000f3e00000)
  to   space 22528K, 0% used [0x00000000f1200000,0x00000000f1200000,0x00000000f2800000)
 ParOldGen       total 83968K, used 48567K [0x00000000a0000000, 0x00000000a5200000, 0x00000000e0000000)
  object space 83968K, 57% used [0x00000000a0000000,0x00000000a2f6dd28,0x00000000a5200000)
 Metaspace       used 80548K, capacity 83550K, committed 83800K, reserved 1122304K
  class space    used 10310K, capacity 11016K, committed 11136K, reserved 1048576K
GC Heap History (10 events):
Event: 49.925 GC heap before
{Heap before GC invocations=15 (full 2):
 PSYoungGen      total 171520K, used 24309K [0x00000000e0000000, 0x00000000ec280000, 0x0000000100000000)
  eden space 155136K, 5% used [0x00000000e0000000,0x00000000e07c1ee0,0x00000000e9780000)
  from space 16384K, 99% used [0x00000000eac00000,0x00000000ebbfb710,0x00000000ebc00000)
  to   space 20992K, 0% used [0x00000000e9780000,0x00000000e9780000,0x00000000eac00000)
 ParOldGen       total 58368K, used 27196K [0x00000000a0000000, 0x00000000a3900000, 0x00000000e0000000)
  object space 58368K, 46% used [0x00000000a0000000,0x00000000a1a8f2f0,0x00000000a3900000)
 Metaspace       used 57612K, capacity 58978K, committed 59028K, reserved 1099776K
  class space    used 7798K, capacity 8168K, committed 8192K, reserved 1048576K
Event: 49.956 GC heap after
Heap after GC invocations=15 (full 2):
 PSYoungGen      total 176128K, used 5129K [0x00000000e0000000, 0x00000000f0500000, 0x0000000100000000)
  eden space 155136K, 0% used [0x00000000e0000000,0x00000000e0000000,0x00000000e9780000)
  from space 20992K, 24% used [0x00000000e9780000,0x00000000e9c824a0,0x00000000eac00000)
  to   space 20480K, 0% used [0x00000000ef100000,0x00000000ef100000,0x00000000f0500000)
 ParOldGen       total 58368K, used 36572K [0x00000000a0000000, 0x00000000a3900000, 0x00000000e0000000)
  object space 58368K, 62% used [0x00000000a0000000,0x00000000a23b7138,0x00000000a3900000)
 Metaspace       used 57612K, capacity 58978K, committed 59028K, reserved 1099776K
  class space    used 7798K, capacity 8168K, committed 8192K, reserved 1048576K
}
Event: 49.956 GC heap before
{Heap before GC invocations=16 (full 3):
 PSYoungGen      total 176128K, used 5129K [0x00000000e0000000, 0x00000000f0500000, 0x0000000100000000)
  eden space 155136K, 0% used [0x00000000e0000000,0x00000000e0000000,0x00000000e9780000)
  from space 20992K, 24% used [0x00000000e9780000,0x00000000e9c824a0,0x00000000eac00000)
  to   space 20480K, 0% used [0x00000000ef100000,0x00000000ef100000,0x00000000f0500000)
 ParOldGen       total 58368K, used 36572K [0x00000000a0000000, 0x00000000a3900000, 0x00000000e0000000)
  object space 58368K, 62% used [0x00000000a0000000,0x00000000a23b7138,0x00000000a3900000)
 Metaspace       used 57612K, capacity 58978K, committed 59028K, reserved 1099776K
  class space    used 7798K, capacity 8168K, committed 8192K, reserved 1048576K
Event: 50.226 GC heap after
Heap after GC invocations=16 (full 3):
 PSYoungGen      total 176128K, used 0K [0x00000000e0000000, 0x00000000f0500000, 0x0000000100000000)
  eden space 155136K, 0% used [0x00000000e0000000,0x00000000e0000000,0x00000000e9780000)
  from space 20992K, 0% used [0x00000000e9780000,0x00000000e9780000,0x00000000eac00000)
  to   space 20480K, 0% used [0x00000000ef100000,0x00000000ef100000,0x00000000f0500000)
 ParOldGen       total 83968K, used 31110K [0x00000000a0000000, 0x00000000a5200000, 0x00000000e0000000)
  object space 83968K, 37% used [0x00000000a0000000,0x00000000a1e618e0,0x00000000a5200000)
 Metaspace       used 57612K, capacity 58978K, committed 59028K, reserved 1099776K
  class space    used 7798K, capacity 8168K, committed 8192K, reserved 1048576K
}
Event: 439.487 GC heap before
{Heap before GC invocations=17 (full 3):
 PSYoungGen      total 176128K, used 155136K [0x00000000e0000000, 0x00000000f0500000, 0x0000000100000000)
  eden space 155136K, 100% used [0x00000000e0000000,0x00000000e9780000,0x00000000e9780000)
  from space 20992K, 0% used [0x00000000e9780000,0x00000000e9780000,0x00000000eac00000)
  to   space 20480K, 0% used [0x00000000ef100000,0x00000000ef100000,0x00000000f0500000)
 ParOldGen       total 83968K, used 31110K [0x00000000a0000000, 0x00000000a5200000, 0x00000000e0000000)
  object space 83968K, 37% used [0x00000000a0000000,0x00000000a1e618e0,0x00000000a5200000)
 Metaspace       used 64087K, capacity 65904K, committed 66008K, reserved 1105920K
  class space    used 8418K, capacity 8881K, committed 8960K, reserved 1048576K
Event: 439.538 GC heap after
Heap after GC invocations=17 (full 3):
 PSYoungGen      total 224256K, used 11468K [0x00000000e0000000, 0x00000000efc80000, 0x0000000100000000)
  eden space 212480K, 0% used [0x00000000e0000000,0x00000000e0000000,0x00000000ecf80000)
  from space 11776K, 97% used [0x00000000ef100000,0x00000000efc330c0,0x00000000efc80000)
  to   space 20480K, 0% used [0x00000000ed480000,0x00000000ed480000,0x00000000ee880000)
 ParOldGen       total 83968K, used 31118K [0x00000000a0000000, 0x00000000a5200000, 0x00000000e0000000)
  object space 83968K, 37% used [0x00000000a0000000,0x00000000a1e638e0,0x00000000a5200000)
 Metaspace       used 64087K, capacity 65904K, committed 66008K, reserved 1105920K
  class space    used 8418K, capacity 8881K, committed 8960K, reserved 1048576K
}
Event: 487.118 GC heap before
{Heap before GC invocations=18 (full 3):
 PSYoungGen      total 224256K, used 223948K [0x00000000e0000000, 0x00000000efc80000, 0x0000000100000000)
  eden space 212480K, 100% used [0x00000000e0000000,0x00000000ecf80000,0x00000000ecf80000)
  from space 11776K, 97% used [0x00000000ef100000,0x00000000efc330c0,0x00000000efc80000)
  to   space 20480K, 0% used [0x00000000ed480000,0x00000000ed480000,0x00000000ee880000)
 ParOldGen       total 83968K, used 31118K [0x00000000a0000000, 0x00000000a5200000, 0x00000000e0000000)
  object space 83968K, 37% used [0x00000000a0000000,0x00000000a1e638e0,0x00000000a5200000)
 Metaspace       used 66896K, capacity 68776K, committed 69080K, reserved 1110016K
  class space    used 8684K, capacity 9111K, committed 9216K, reserved 1048576K
Event: 487.165 GC heap after
Heap after GC invocations=18 (full 3):
 PSYoungGen      total 238080K, used 20389K [0x00000000e0000000, 0x00000000f4200000, 0x0000000100000000)
  eden space 217600K, 0% used [0x00000000e0000000,0x00000000e0000000,0x00000000ed480000)
  from space 20480K, 99% used [0x00000000ed480000,0x00000000ee8697b8,0x00000000ee880000)
  to   space 23552K, 0% used [0x00000000f2b00000,0x00000000f2b00000,0x00000000f4200000)
 ParOldGen       total 83968K, used 38340K [0x00000000a0000000, 0x00000000a5200000, 0x00000000e0000000)
  object space 83968K, 45% used [0x00000000a0000000,0x00000000a2571030,0x00000000a5200000)
 Metaspace       used 66896K, capacity 68776K, committed 69080K, reserved 1110016K
  class space    used 8684K, capacity 9111K, committed 9216K, reserved 1048576K
}
Event: 613.445 GC heap before
{Heap before GC invocations=19 (full 3):
 PSYoungGen      total 238080K, used 237989K [0x00000000e0000000, 0x00000000f4200000, 0x0000000100000000)
  eden space 217600K, 100% used [0x00000000e0000000,0x00000000ed480000,0x00000000ed480000)
  from space 20480K, 99% used [0x00000000ed480000,0x00000000ee8697b8,0x00000000ee880000)
  to   space 23552K, 0% used [0x00000000f2b00000,0x00000000f2b00000,0x00000000f4200000)
 ParOldGen       total 83968K, used 38340K [0x00000000a0000000, 0x00000000a5200000, 0x00000000e0000000)
  object space 83968K, 45% used [0x00000000a0000000,0x00000000a2571030,0x00000000a5200000)
 Metaspace       used 74702K, capacity 77230K, committed 77528K, reserved 1116160K
  class space    used 9496K, capacity 10115K, committed 10240K, reserved 1048576K
Event: 613.484 GC heap after
Heap after GC invocations=19 (full 3):
 PSYoungGen      total 300032K, used 10447K [0x00000000e0000000, 0x00000000f3e00000, 0x0000000100000000)
  eden space 280576K, 0% used [0x00000000e0000000,0x00000000e0000000,0x00000000f1200000)
  from space 19456K, 53% used [0x00000000f2b00000,0x00000000f3533c78,0x00000000f3e00000)
  to   space 22528K, 0% used [0x00000000f1200000,0x00000000f1200000,0x00000000f2800000)
 ParOldGen       total 83968K, used 48567K [0x00000000a0000000, 0x00000000a5200000, 0x00000000e0000000)
  object space 83968K, 57% used [0x00000000a0000000,0x00000000a2f6dd28,0x00000000a5200000)
 Metaspace       used 74702K, capacity 77230K, committed 77528K, reserved 1116160K
  class space    used 9496K, capacity 10115K, committed 10240K, reserved 1048576K
}

