# JRE version: OpenJDK Runtime Environment (8.0_242) (build 1.8.0_242-release-1644-b3-6222593)
# Java VM: OpenJDK 64-Bit Server VM (25.242-b3-6222593 mixed mode linux-amd64 compressed oops)
Heap:
 PSYoungGen      total 407040K, used 272252K [0x00000000e0000000, 0x0000000100000000, 0x0000000100000000)
  eden space 319488K, 57% used [0x00000000e0000000,0x00000000eb4c5ea8,0x00000000f3800000)
  from space 87552K, 99% used [0x00000000f3800000,0x00000000f8d19470,0x00000000f8d80000)
  to   space 112640K, 0% used [0x00000000f9200000,0x00000000f9200000,0x0000000100000000)
 ParOldGen       total 394240K, used 213280K [0x00000000a0000000, 0x00000000b8100000, 0x00000000e0000000)
  object space 394240K, 54% used [0x00000000a0000000,0x00000000ad048098,0x00000000b8100000)
 Metaspace       used 97929K, capacity 102972K, committed 103208K, reserved 1138688K
  class space    used 12554K, capacity 13563K, committed 13616K, reserved 1048576K
GC Heap History (10 events):
Event: 1553.857 GC heap before
{Heap before GC invocations=23 (full 4):
 PSYoungGen      total 443904K, used 389489K [0x00000000e0000000, 0x0000000100000000, 0x0000000100000000)
  eden space 358400K, 100% used [0x00000000e0000000,0x00000000f5e00000,0x00000000f5e00000)
  from space 85504K, 36% used [0x00000000fac80000,0x00000000fcadc5f0,0x0000000100000000)
  to   space 80384K, 0% used [0x00000000f5e00000,0x00000000f5e00000,0x00000000fac80000)
 ParOldGen       total 394240K, used 162831K [0x00000000a0000000, 0x00000000b8100000, 0x00000000e0000000)
  object space 394240K, 41% used [0x00000000a0000000,0x00000000a9f03e60,0x00000000b8100000)
 Metaspace       used 93353K, capacity 98176K, committed 98472K, reserved 1134592K
  class space    used 12177K, capacity 13159K, committed 13232K, reserved 1048576K
Event: 1553.908 GC heap after
Heap after GC invocations=23 (full 4):
 PSYoungGen      total 401408K, used 42985K [0x00000000e0000000, 0x00000000ffa00000, 0x0000000100000000)
  eden space 358400K, 0% used [0x00000000e0000000,0x00000000e0000000,0x00000000f5e00000)
  from space 43008K, 99% used [0x00000000f5e00000,0x00000000f87fa5a8,0x00000000f8800000)
  to   space 79872K, 0% used [0x00000000fac00000,0x00000000fac00000,0x00000000ffa00000)
 ParOldGen       total 394240K, used 162831K [0x00000000a0000000, 0x00000000b8100000, 0x00000000e0000000)
  object space 394240K, 41% used [0x00000000a0000000,0x00000000a9f03e60,0x00000000b8100000)
 Metaspace       used 93353K, capacity 98176K, committed 98472K, reserved 1134592K
  class space    used 12177K, capacity 13159K, committed 13232K, reserved 1048576K
}
Event: 1555.995 GC heap before
{Heap before GC invocations=24 (full 4):
 PSYoungGen      total 401408K, used 401385K [0x00000000e0000000, 0x00000000ffa00000, 0x0000000100000000)
  eden space 358400K, 100% used [0x00000000e0000000,0x00000000f5e00000,0x00000000f5e00000)
  from space 43008K, 99% used [0x00000000f5e00000,0x00000000f87fa5a8,0x00000000f8800000)
  to   space 79872K, 0% used [0x00000000fac00000,0x00000000fac00000,0x00000000ffa00000)
 ParOldGen       total 394240K, used 162831K [0x00000000a0000000, 0x00000000b8100000, 0x00000000e0000000)
  object space 394240K, 41% used [0x00000000a0000000,0x00000000a9f03e60,0x00000000b8100000)
 Metaspace       used 95742K, capacity 100644K, committed 100776K, reserved 1136640K
  class space    used 12396K, capacity 13397K, committed 13488K, reserved 1048576K
Event: 1556.029 GC heap after
Heap after GC invocations=24 (full 4):
 PSYoungGen      total 442368K, used 28323K [0x00000000e0000000, 0x0000000100000000, 0x0000000100000000)
  eden space 362496K, 0% used [0x00000000e0000000,0x00000000e0000000,0x00000000f6200000)
  from space 79872K, 35% used [0x00000000fac00000,0x00000000fc7a8ee8,0x00000000ffa00000)
  to   space 75776K, 0% used [0x00000000f6200000,0x00000000f6200000,0x00000000fac00000)
 ParOldGen       total 394240K, used 162839K [0x00000000a0000000, 0x00000000b8100000, 0x00000000e0000000)
  object space 394240K, 41% used [0x00000000a0000000,0x00000000a9f05e60,0x00000000b8100000)
 Metaspace       used 95742K, capacity 100644K, committed 100776K, reserved 1136640K
  class space    used 12396K, capacity 13397K, committed 13488K, reserved 1048576K
}
Event: 1557.403 GC heap before
{Heap before GC invocations=25 (full 4):
 PSYoungGen      total 442368K, used 390388K [0x00000000e0000000, 0x0000000100000000, 0x0000000100000000)
  eden space 362496K, 99% used [0x00000000e0000000,0x00000000f61941a8,0x00000000f6200000)
  from space 79872K, 35% used [0x00000000fac00000,0x00000000fc7a8ee8,0x00000000ffa00000)
  to   space 75776K, 0% used [0x00000000f6200000,0x00000000f6200000,0x00000000fac00000)
 ParOldGen       total 394240K, used 162839K [0x00000000a0000000, 0x00000000b8100000, 0x00000000e0000000)
  object space 394240K, 41% used [0x00000000a0000000,0x00000000a9f05e60,0x00000000b8100000)
 Metaspace       used 96403K, capacity 101340K, committed 101544K, reserved 1136640K
  class space    used 12437K, capacity 13441K, committed 13488K, reserved 1048576K
Event: 1557.511 GC heap after
Heap after GC invocations=25 (full 4):
 PSYoungGen      total 438272K, used 75753K [0x00000000e0000000, 0x0000000100000000, 0x0000000100000000)
  eden space 362496K, 0% used [0x00000000e0000000,0x00000000e0000000,0x00000000f6200000)
  from space 75776K, 99% used [0x00000000f6200000,0x00000000fabfa430,0x00000000fac00000)
  to   space 86016K, 0% used [0x00000000fac00000,0x00000000fac00000,0x0000000100000000)
 ParOldGen       total 394240K, used 204155K [0x00000000a0000000, 0x00000000b8100000, 0x00000000e0000000)
  object space 394240K, 51% used [0x00000000a0000000,0x00000000ac75ed00,0x00000000b8100000)
 Metaspace       used 96403K, capacity 101340K, committed 101544K, reserved 1136640K
  class space    used 12437K, capacity 13441K, committed 13488K, reserved 1048576K
}
Event: 1644.798 GC heap before
{Heap before GC invocations=26 (full 4):
 PSYoungGen      total 438272K, used 438249K [0x00000000e0000000, 0x0000000100000000, 0x0000000100000000)
  eden space 362496K, 100% used [0x00000000e0000000,0x00000000f6200000,0x00000000f6200000)
  from space 75776K, 99% used [0x00000000f6200000,0x00000000fabfa430,0x00000000fac00000)
  to   space 86016K, 0% used [0x00000000fac00000,0x00000000fac00000,0x0000000100000000)
 ParOldGen       total 394240K, used 204155K [0x00000000a0000000, 0x00000000b8100000, 0x00000000e0000000)
  object space 394240K, 51% used [0x00000000a0000000,0x00000000ac75ed00,0x00000000b8100000)
 Metaspace       used 96852K, capacity 101850K, committed 102184K, reserved 1138688K
  class space    used 12467K, capacity 13494K, committed 13616K, reserved 1048576K
Event: 1644.875 GC heap after
Heap after GC invocations=26 (full 4):
 PSYoungGen      total 405504K, used 56652K [0x00000000e0000000, 0x0000000100000000, 0x0000000100000000)
  eden space 319488K, 0% used [0x00000000e0000000,0x00000000e0000000,0x00000000f3800000)
  from space 86016K, 65% used [0x00000000fac00000,0x00000000fe353238,0x0000000100000000)
  to   space 102400K, 0% used [0x00000000f3800000,0x00000000f3800000,0x00000000f9c00000)
 ParOldGen       total 394240K, used 213280K [0x00000000a0000000, 0x00000000b8100000, 0x00000000e0000000)
  object space 394240K, 54% used [0x00000000a0000000,0x00000000ad048098,0x00000000b8100000)
 Metaspace       used 96852K, capacity 101850K, committed 102184K, reserved 1138688K
  class space    used 12467K, capacity 13494K, committed 13616K, reserved 1048576K
}
Event: 1646.138 GC heap before
{Heap before GC invocations=27 (full 4):
 PSYoungGen      total 405504K, used 376140K [0x00000000e0000000, 0x0000000100000000, 0x0000000100000000)
  eden space 319488K, 100% used [0x00000000e0000000,0x00000000f3800000,0x00000000f3800000)
  from space 86016K, 65% used [0x00000000fac00000,0x00000000fe353238,0x0000000100000000)
  to   space 102400K, 0% used [0x00000000f3800000,0x00000000f3800000,0x00000000f9c00000)
 ParOldGen       total 394240K, used 213280K [0x00000000a0000000, 0x00000000b8100000, 0x00000000e0000000)
  object space 394240K, 54% used [0x00000000a0000000,0x00000000ad048098,0x00000000b8100000)
 Metaspace       used 97925K, capacity 102968K, committed 103208K, reserved 1138688K
  class space    used 12554K, capacity 13563K, committed 13616K, reserved 1048576K
Event: 1646.254 GC heap after
Heap after GC invocations=27 (full 4):
 PSYoungGen      total 407040K, used 87141K [0x00000000e0000000, 0x0000000100000000, 0x0000000100000000)
  eden space 319488K, 0% used [0x00000000e0000000,0x00000000e0000000,0x00000000f3800000)
  from space 87552K, 99% used [0x00000000f3800000,0x00000000f8d19470,0x00000000f8d80000)
  to   space 112640K, 0% used [0x00000000f9200000,0x00000000f9200000,0x0000000100000000)
 ParOldGen       total 394240K, used 213280K [0x00000000a0000000, 0x00000000b8100000, 0x00000000e0000000)
  object space 394240K, 54% used [0x00000000a0000000,0x00000000ad048098,0x00000000b8100000)
 Metaspace       used 97925K, capacity 102968K, committed 103208K, reserved 1138688K
  class space    used 12554K, capacity 13563K, committed 13616K, reserved 1048576K
}

