# JRE version: OpenJDK Runtime Environment (8.0_242) (build 1.8.0_242-release-1644-b3-6222593)
# Java VM: OpenJDK 64-Bit Server VM (25.242-b3-6222593 mixed mode linux-amd64 compressed oops)
Heap:
 PSYoungGen      total 315904K, used 72476K [0x00000000e0000000, 0x00000000fd780000, 0x0000000100000000)
  eden space 228864K, 0% used [0x00000000e0000000,0x00000000e0000000,0x00000000edf80000)
  from space 87040K, 83% used [0x00000000edf80000,0x00000000f26471f0,0x00000000f3480000)
  to   space 96768K, 0% used [0x00000000f7900000,0x00000000f7900000,0x00000000fd780000)
 ParOldGen       total 195584K, used 195059K [0x00000000a0000000, 0x00000000abf00000, 0x00000000e0000000)
  object space 195584K, 99% used [0x00000000a0000000,0x00000000abe7cc50,0x00000000abf00000)
 Metaspace       used 67881K, capacity 70962K, committed 71208K, reserved 1110016K
  class space    used 9365K, capacity 9990K, committed 10032K, reserved 1048576K
GC Heap History (10 events):
Event: 17.224 GC heap after
Heap after GC invocations=16 (full 3):
 PSYoungGen      total 188928K, used 26101K [0x00000000e0000000, 0x00000000f0300000, 0x0000000100000000)
  eden space 162816K, 0% used [0x00000000e0000000,0x00000000e0000000,0x00000000e9f00000)
  from space 26112K, 99% used [0x00000000e9f00000,0x00000000eb87d660,0x00000000eb880000)
  to   space 30208K, 0% used [0x00000000ee580000,0x00000000ee580000,0x00000000f0300000)
 ParOldGen       total 189440K, used 38156K [0x00000000a0000000, 0x00000000ab900000, 0x00000000e0000000)
  object space 189440K, 20% used [0x00000000a0000000,0x00000000a25432f0,0x00000000ab900000)
 Metaspace       used 61446K, capacity 64048K, committed 64296K, reserved 1103872K
  class space    used 8392K, capacity 8953K, committed 9008K, reserved 1048576K
}
Event: 17.858 GC heap before
{Heap before GC invocations=17 (full 3):
 PSYoungGen      total 188928K, used 188917K [0x00000000e0000000, 0x00000000f0300000, 0x0000000100000000)
  eden space 162816K, 100% used [0x00000000e0000000,0x00000000e9f00000,0x00000000e9f00000)
  from space 26112K, 99% used [0x00000000e9f00000,0x00000000eb87d660,0x00000000eb880000)
  to   space 30208K, 0% used [0x00000000ee580000,0x00000000ee580000,0x00000000f0300000)
 ParOldGen       total 189440K, used 38156K [0x00000000a0000000, 0x00000000ab900000, 0x00000000e0000000)
  object space 189440K, 20% used [0x00000000a0000000,0x00000000a25432f0,0x00000000ab900000)
 Metaspace       used 61908K, capacity 64604K, committed 64936K, reserved 1105920K
  class space    used 8464K, capacity 9047K, committed 9136K, reserved 1048576K
Event: 17.891 GC heap after
Heap after GC invocations=17 (full 3):
 PSYoungGen      total 229888K, used 30205K [0x00000000e0000000, 0x00000000f1180000, 0x0000000100000000)
  eden space 199680K, 0% used [0x00000000e0000000,0x00000000e0000000,0x00000000ec300000)
  from space 30208K, 99% used [0x00000000ee580000,0x00000000f02ff640,0x00000000f0300000)
  to   space 35328K, 0% used [0x00000000ec300000,0x00000000ec300000,0x00000000ee580000)
 ParOldGen       total 189440K, used 40852K [0x00000000a0000000, 0x00000000ab900000, 0x00000000e0000000)
  object space 189440K, 21% used [0x00000000a0000000,0x00000000a27e5288,0x00000000ab900000)
 Metaspace       used 61908K, capacity 64604K, committed 64936K, reserved 1105920K
  class space    used 8464K, capacity 9047K, committed 9136K, reserved 1048576K
}
Event: 18.745 GC heap before
{Heap before GC invocations=18 (full 3):
 PSYoungGen      total 229888K, used 229805K [0x00000000e0000000, 0x00000000f1180000, 0x0000000100000000)
  eden space 199680K, 99% used [0x00000000e0000000,0x00000000ec2ebdf0,0x00000000ec300000)
  from space 30208K, 99% used [0x00000000ee580000,0x00000000f02ff640,0x00000000f0300000)
  to   space 35328K, 0% used [0x00000000ec300000,0x00000000ec300000,0x00000000ee580000)
 ParOldGen       total 189440K, used 40852K [0x00000000a0000000, 0x00000000ab900000, 0x00000000e0000000)
  object space 189440K, 21% used [0x00000000a0000000,0x00000000a27e5288,0x00000000ab900000)
 Metaspace       used 64731K, capacity 67592K, committed 67880K, reserved 1107968K
  class space    used 8870K, capacity 9485K, committed 9520K, reserved 1048576K
Event: 18.808 GC heap after
Heap after GC invocations=18 (full 3):
 PSYoungGen      total 235008K, used 35306K [0x00000000e0000000, 0x00000000f6780000, 0x0000000100000000)
  eden space 199680K, 0% used [0x00000000e0000000,0x00000000e0000000,0x00000000ec300000)
  from space 35328K, 99% used [0x00000000ec300000,0x00000000ee57a878,0x00000000ee580000)
  to   space 52224K, 0% used [0x00000000f3480000,0x00000000f3480000,0x00000000f6780000)
 ParOldGen       total 189440K, used 72338K [0x00000000a0000000, 0x00000000ab900000, 0x00000000e0000000)
  object space 189440K, 38% used [0x00000000a0000000,0x00000000a46a4ac8,0x00000000ab900000)
 Metaspace       used 64731K, capacity 67592K, committed 67880K, reserved 1107968K
  class space    used 8870K, capacity 9485K, committed 9520K, reserved 1048576K
}
Event: 19.709 GC heap before
{Heap before GC invocations=19 (full 3):
 PSYoungGen      total 235008K, used 234986K [0x00000000e0000000, 0x00000000f6780000, 0x0000000100000000)
  eden space 199680K, 100% used [0x00000000e0000000,0x00000000ec300000,0x00000000ec300000)
  from space 35328K, 99% used [0x00000000ec300000,0x00000000ee57a878,0x00000000ee580000)
  to   space 52224K, 0% used [0x00000000f3480000,0x00000000f3480000,0x00000000f6780000)
 ParOldGen       total 189440K, used 72338K [0x00000000a0000000, 0x00000000ab900000, 0x00000000e0000000)
  object space 189440K, 38% used [0x00000000a0000000,0x00000000a46a4ac8,0x00000000ab900000)
 Metaspace       used 66456K, capacity 69476K, committed 69800K, reserved 1110016K
  class space    used 9184K, capacity 9835K, committed 9904K, reserved 1048576K
Event: 19.843 GC heap after
Heap after GC invocations=19 (full 3):
 PSYoungGen      total 281088K, used 52211K [0x00000000e0000000, 0x00000000fb780000, 0x0000000100000000)
  eden space 228864K, 0% used [0x00000000e0000000,0x00000000e0000000,0x00000000edf80000)
  from space 52224K, 99% used [0x00000000f3480000,0x00000000f677cc80,0x00000000f6780000)
  to   space 87040K, 0% used [0x00000000edf80000,0x00000000edf80000,0x00000000f3480000)
 ParOldGen       total 189440K, used 143068K [0x00000000a0000000, 0x00000000ab900000, 0x00000000e0000000)
  object space 189440K, 75% used [0x00000000a0000000,0x00000000a8bb7270,0x00000000ab900000)
 Metaspace       used 66456K, capacity 69476K, committed 69800K, reserved 1110016K
  class space    used 9184K, capacity 9835K, committed 9904K, reserved 1048576K
}
Event: 21.186 GC heap before
{Heap before GC invocations=20 (full 3):
 PSYoungGen      total 281088K, used 281075K [0x00000000e0000000, 0x00000000fb780000, 0x0000000100000000)
  eden space 228864K, 100% used [0x00000000e0000000,0x00000000edf80000,0x00000000edf80000)
  from space 52224K, 99% used [0x00000000f3480000,0x00000000f677cc80,0x00000000f6780000)
  to   space 87040K, 0% used [0x00000000edf80000,0x00000000edf80000,0x00000000f3480000)
 ParOldGen       total 189440K, used 143068K [0x00000000a0000000, 0x00000000ab900000, 0x00000000e0000000)
  object space 189440K, 75% used [0x00000000a0000000,0x00000000a8bb7270,0x00000000ab900000)
 Metaspace       used 67881K, capacity 70962K, committed 71208K, reserved 1110016K
  class space    used 9365K, capacity 9990K, committed 10032K, reserved 1048576K
Event: 21.311 GC heap after
Heap after GC invocations=20 (full 3):
 PSYoungGen      total 315904K, used 72476K [0x00000000e0000000, 0x00000000fd780000, 0x0000000100000000)
  eden space 228864K, 0% used [0x00000000e0000000,0x00000000e0000000,0x00000000edf80000)
  from space 87040K, 83% used [0x00000000edf80000,0x00000000f26471f0,0x00000000f3480000)
  to   space 96768K, 0% used [0x00000000f7900000,0x00000000f7900000,0x00000000fd780000)
 ParOldGen       total 195584K, used 195059K [0x00000000a0000000, 0x00000000abf00000, 0x00000000e0000000)
  object space 195584K, 99% used [0x00000000a0000000,0x00000000abe7cc50,0x00000000abf00000)
 Metaspace       used 67881K, capacity 70962K, committed 71208K, reserved 1110016K
  class space    used 9365K, capacity 9990K, committed 10032K, reserved 1048576K
}
Event: 21.311 GC heap before
{Heap before GC invocations=21 (full 4):
 PSYoungGen      total 315904K, used 72476K [0x00000000e0000000, 0x00000000fd780000, 0x0000000100000000)
  eden space 228864K, 0% used [0x00000000e0000000,0x00000000e0000000,0x00000000edf80000)
  from space 87040K, 83% used [0x00000000edf80000,0x00000000f26471f0,0x00000000f3480000)
  to   space 96768K, 0% used [0x00000000f7900000,0x00000000f7900000,0x00000000fd780000)
 ParOldGen       total 195584K, used 195059K [0x00000000a0000000, 0x00000000abf00000, 0x00000000e0000000)
  object space 195584K, 99% used [0x00000000a0000000,0x00000000abe7cc50,0x00000000abf00000)
 Metaspace       used 67881K, capacity 70962K, committed 71208K, reserved 1110016K
  class space    used 9365K, capacity 9990K, committed 10032K, reserved 1048576K

