# JRE version: OpenJDK Runtime Environment (8.0_212-b04) (build 1.8.0_212-release-1586-b04)
# Java VM: OpenJDK 64-Bit Server VM (25.212-b04 mixed mode windows-amd64 compressed oops)
Heap:
 PSYoungGen      total 121344K, used 101171K [0x00000000e0000000, 0x00000000e9500000, 0x0000000100000000)
  eden space 89088K, 100% used [0x00000000e0000000,0x00000000e5700000,0x00000000e5700000)
  from space 32256K, 37% used [0x00000000e5700000,0x00000000e62ccf10,0x00000000e7680000)
  to   space 30720K, 41% used [0x00000000e7700000,0x00000000e8360000,0x00000000e9500000)
 ParOldGen       total 121344K, used 69817K [0x00000000a0000000, 0x00000000a7680000, 0x00000000e0000000)
  object space 121344K, 57% used [0x00000000a0000000,0x00000000a442e528,0x00000000a7680000)
 Metaspace       used 129842K, capacity 134900K, committed 136728K, reserved 1167360K
  class space    used 16576K, capacity 17587K, committed 17960K, reserved 1048576K
GC Heap History (10 events):
Event: 2290.659 GC heap after
Heap after GC invocations=31 (full 5):
 PSYoungGen      total 120320K, used 13170K [0x00000000e0000000, 0x00000000e9b00000, 0x0000000100000000)
  eden space 92160K, 0% used [0x00000000e0000000,0x00000000e0000000,0x00000000e5a00000)
  from space 28160K, 46% used [0x00000000e7f80000,0x00000000e8c5c940,0x00000000e9b00000)
  to   space 33280K, 0% used [0x00000000e5a00000,0x00000000e5a00000,0x00000000e7a80000)
 ParOldGen       total 117760K, used 96455K [0x00000000a0000000, 0x00000000a7300000, 0x00000000e0000000)
  object space 117760K, 81% used [0x00000000a0000000,0x00000000a5e31f10,0x00000000a7300000)
 Metaspace       used 125441K, capacity 131330K, committed 131480K, reserved 1163264K
  class space    used 16224K, capacity 17442K, committed 17576K, reserved 1048576K
}
Event: 5592.617 GC heap before
{Heap before GC invocations=32 (full 5):
 PSYoungGen      total 120320K, used 105330K [0x00000000e0000000, 0x00000000e9b00000, 0x0000000100000000)
  eden space 92160K, 100% used [0x00000000e0000000,0x00000000e5a00000,0x00000000e5a00000)
  from space 28160K, 46% used [0x00000000e7f80000,0x00000000e8c5c940,0x00000000e9b00000)
  to   space 33280K, 0% used [0x00000000e5a00000,0x00000000e5a00000,0x00000000e7a80000)
 ParOldGen       total 117760K, used 96455K [0x00000000a0000000, 0x00000000a7300000, 0x00000000e0000000)
  object space 117760K, 81% used [0x00000000a0000000,0x00000000a5e31f10,0x00000000a7300000)
 Metaspace       used 129227K, capacity 135446K, committed 135576K, reserved 1167360K
  class space    used 16558K, capacity 17814K, committed 17832K, reserved 1048576K
Event: 5592.969 GC heap after
Heap after GC invocations=32 (full 5):
 PSYoungGen      total 95232K, used 6418K [0x00000000e0000000, 0x00000000e9680000, 0x0000000100000000)
  eden space 88576K, 0% used [0x00000000e0000000,0x00000000e0000000,0x00000000e5680000)
  from space 6656K, 96% used [0x00000000e5a00000,0x00000000e6044b40,0x00000000e6080000)
  to   space 32768K, 0% used [0x00000000e7680000,0x00000000e7680000,0x00000000e9680000)
 ParOldGen       total 117760K, used 106904K [0x00000000a0000000, 0x00000000a7300000, 0x00000000e0000000)
  object space 117760K, 90% used [0x00000000a0000000,0x00000000a6866048,0x00000000a7300000)
 Metaspace       used 129227K, capacity 135446K, committed 135576K, reserved 1167360K
  class space    used 16558K, capacity 17814K, committed 17832K, reserved 1048576K
}
Event: 5592.994 GC heap before
{Heap before GC invocations=33 (full 6):
 PSYoungGen      total 95232K, used 6418K [0x00000000e0000000, 0x00000000e9680000, 0x0000000100000000)
  eden space 88576K, 0% used [0x00000000e0000000,0x00000000e0000000,0x00000000e5680000)
  from space 6656K, 96% used [0x00000000e5a00000,0x00000000e6044b40,0x00000000e6080000)
  to   space 32768K, 0% used [0x00000000e7680000,0x00000000e7680000,0x00000000e9680000)
 ParOldGen       total 117760K, used 106904K [0x00000000a0000000, 0x00000000a7300000, 0x00000000e0000000)
  object space 117760K, 90% used [0x00000000a0000000,0x00000000a6866048,0x00000000a7300000)
 Metaspace       used 129227K, capacity 135446K, committed 135576K, reserved 1167360K
  class space    used 16558K, capacity 17814K, committed 17832K, reserved 1048576K
Event: 6083.405 GC heap after
Heap after GC invocations=33 (full 6):
 PSYoungGen      total 95232K, used 0K [0x00000000e0000000, 0x00000000e9680000, 0x0000000100000000)
  eden space 88576K, 0% used [0x00000000e0000000,0x00000000e0000000,0x00000000e5680000)
  from space 6656K, 0% used [0x00000000e5a00000,0x00000000e5a00000,0x00000000e6080000)
  to   space 32768K, 0% used [0x00000000e7680000,0x00000000e7680000,0x00000000e9680000)
 ParOldGen       total 121344K, used 69809K [0x00000000a0000000, 0x00000000a7680000, 0x00000000e0000000)
  object space 121344K, 57% used [0x00000000a0000000,0x00000000a442c528,0x00000000a7680000)
 Metaspace       used 127276K, capacity 131728K, committed 135576K, reserved 1167360K
  class space    used 16170K, capacity 17034K, committed 17832K, reserved 1048576K
}
Event: 6093.074 GC heap before
{Heap before GC invocations=34 (full 6):
 PSYoungGen      total 95232K, used 88576K [0x00000000e0000000, 0x00000000e9680000, 0x0000000100000000)
  eden space 88576K, 100% used [0x00000000e0000000,0x00000000e5680000,0x00000000e5680000)
  from space 6656K, 0% used [0x00000000e5a00000,0x00000000e5a00000,0x00000000e6080000)
  to   space 32768K, 0% used [0x00000000e7680000,0x00000000e7680000,0x00000000e9680000)
 ParOldGen       total 121344K, used 69809K [0x00000000a0000000, 0x00000000a7680000, 0x00000000e0000000)
  object space 121344K, 57% used [0x00000000a0000000,0x00000000a442c528,0x00000000a7680000)
 Metaspace       used 127472K, capacity 132012K, committed 135576K, reserved 1167360K
  class space    used 16206K, capacity 17102K, committed 17832K, reserved 1048576K
Event: 6093.114 GC heap after
Heap after GC invocations=34 (full 6):
 PSYoungGen      total 121856K, used 5664K [0x00000000e0000000, 0x00000000e9700000, 0x0000000100000000)
  eden space 89088K, 0% used [0x00000000e0000000,0x00000000e0000000,0x00000000e5700000)
  from space 32768K, 17% used [0x00000000e7680000,0x00000000e7c08000,0x00000000e9680000)
  to   space 32256K, 0% used [0x00000000e5700000,0x00000000e5700000,0x00000000e7680000)
 ParOldGen       total 121344K, used 69809K [0x00000000a0000000, 0x00000000a7680000, 0x00000000e0000000)
  object space 121344K, 57% used [0x00000000a0000000,0x00000000a442c528,0x00000000a7680000)
 Metaspace       used 127472K, capacity 132012K, committed 135576K, reserved 1167360K
  class space    used 16206K, capacity 17102K, committed 17832K, reserved 1048576K
}
Event: 6102.077 GC heap before
{Heap before GC invocations=35 (full 6):
 PSYoungGen      total 121856K, used 94752K [0x00000000e0000000, 0x00000000e9700000, 0x0000000100000000)
  eden space 89088K, 100% used [0x00000000e0000000,0x00000000e5700000,0x00000000e5700000)
  from space 32768K, 17% used [0x00000000e7680000,0x00000000e7c08000,0x00000000e9680000)
  to   space 32256K, 0% used [0x00000000e5700000,0x00000000e5700000,0x00000000e7680000)
 ParOldGen       total 121344K, used 69809K [0x00000000a0000000, 0x00000000a7680000, 0x00000000e0000000)
  object space 121344K, 57% used [0x00000000a0000000,0x00000000a442c528,0x00000000a7680000)
 Metaspace       used 128642K, capacity 133154K, committed 136472K, reserved 1167360K
  class space    used 16396K, capacity 17299K, committed 17960K, reserved 1048576K
Event: 6102.107 GC heap after
Heap after GC invocations=35 (full 6):
 PSYoungGen      total 121344K, used 12083K [0x00000000e0000000, 0x00000000e9500000, 0x0000000100000000)
  eden space 89088K, 0% used [0x00000000e0000000,0x00000000e0000000,0x00000000e5700000)
  from space 32256K, 37% used [0x00000000e5700000,0x00000000e62ccf10,0x00000000e7680000)
  to   space 30720K, 0% used [0x00000000e7700000,0x00000000e7700000,0x00000000e9500000)
 ParOldGen       total 121344K, used 69809K [0x00000000a0000000, 0x00000000a7680000, 0x00000000e0000000)
  object space 121344K, 57% used [0x00000000a0000000,0x00000000a442c528,0x00000000a7680000)
 Metaspace       used 128642K, capacity 133154K, committed 136472K, reserved 1167360K
  class space    used 16396K, capacity 17299K, committed 17960K, reserved 1048576K
}
Event: 6397.054 GC heap before
{Heap before GC invocations=36 (full 6):
 PSYoungGen      total 121344K, used 101171K [0x00000000e0000000, 0x00000000e9500000, 0x0000000100000000)
  eden space 89088K, 100% used [0x00000000e0000000,0x00000000e5700000,0x00000000e5700000)
  from space 32256K, 37% used [0x00000000e5700000,0x00000000e62ccf10,0x00000000e7680000)
  to   space 30720K, 0% used [0x00000000e7700000,0x00000000e7700000,0x00000000e9500000)
 ParOldGen       total 121344K, used 69809K [0x00000000a0000000, 0x00000000a7680000, 0x00000000e0000000)
  object space 121344K, 57% used [0x00000000a0000000,0x00000000a442c528,0x00000000a7680000)
 Metaspace       used 129842K, capacity 134900K, committed 136728K, reserved 1167360K
  class space    used 16576K, capacity 17587K, committed 17960K, reserved 1048576K

