# JRE version: OpenJDK Runtime Environment (8.0_212-b04) (build 1.8.0_212-release-1586-b04)
# Java VM: OpenJDK 64-Bit Server VM (25.212-b04 mixed mode windows-amd64 compressed oops)
Heap:
 PSYoungGen      total 412160K, used 123023K [0x00000000e0000000, 0x0000000100000000, 0x0000000100000000)
  eden space 303104K, 30% used [0x00000000e0000000,0x00000000e5a3e160,0x00000000f2800000)
  from space 109056K, 28% used [0x00000000f9580000,0x00000000fb365ac0,0x0000000100000000)
  to   space 110592K, 0% used [0x00000000f2800000,0x00000000f2800000,0x00000000f9400000)
 ParOldGen       total 278528K, used 176202K [0x00000000a0000000, 0x00000000b1000000, 0x00000000e0000000)
  object space 278528K, 63% used [0x00000000a0000000,0x00000000aac129b0,0x00000000b1000000)
 Metaspace       used 95490K, capacity 99762K, committed 102296K, reserved 1138688K
  class space    used 11797K, capacity 12620K, committed 12968K, reserved 1048576K
GC Heap History (10 events):
Event: 4277.750 GC heap before
{Heap before GC invocations=57 (full 8):
 PSYoungGen      total 433152K, used 352339K [0x00000000e0000000, 0x00000000ff980000, 0x0000000100000000)
  eden space 349696K, 100% used [0x00000000e0000000,0x00000000f5580000,0x00000000f5580000)
  from space 83456K, 3% used [0x00000000fa800000,0x00000000faa94d18,0x00000000ff980000)
  to   space 83968K, 0% used [0x00000000f5580000,0x00000000f5580000,0x00000000fa780000)
 ParOldGen       total 270336K, used 229553K [0x00000000a0000000, 0x00000000b0800000, 0x00000000e0000000)
  object space 270336K, 84% used [0x00000000a0000000,0x00000000ae02c448,0x00000000b0800000)
 Metaspace       used 96447K, capacity 100818K, committed 101144K, reserved 1138688K
  class space    used 11904K, capacity 12744K, committed 12840K, reserved 1048576K
Event: 4277.792 GC heap after
Heap after GC invocations=57 (full 8):
 PSYoungGen      total 433664K, used 27822K [0x00000000e0000000, 0x00000000ff680000, 0x0000000100000000)
  eden space 349696K, 0% used [0x00000000e0000000,0x00000000e0000000,0x00000000f5580000)
  from space 83968K, 33% used [0x00000000f5580000,0x00000000f70abb40,0x00000000fa780000)
  to   space 78848K, 0% used [0x00000000fa980000,0x00000000fa980000,0x00000000ff680000)
 ParOldGen       total 270336K, used 229785K [0x00000000a0000000, 0x00000000b0800000, 0x00000000e0000000)
  object space 270336K, 84% used [0x00000000a0000000,0x00000000ae066478,0x00000000b0800000)
 Metaspace       used 96447K, capacity 100818K, committed 101144K, reserved 1138688K
  class space    used 11904K, capacity 12744K, committed 12840K, reserved 1048576K
}
Event: 4349.638 GC heap before
{Heap before GC invocations=58 (full 8):
 PSYoungGen      total 433664K, used 377518K [0x00000000e0000000, 0x00000000ff680000, 0x0000000100000000)
  eden space 349696K, 100% used [0x00000000e0000000,0x00000000f5580000,0x00000000f5580000)
  from space 83968K, 33% used [0x00000000f5580000,0x00000000f70abb40,0x00000000fa780000)
  to   space 78848K, 0% used [0x00000000fa980000,0x00000000fa980000,0x00000000ff680000)
 ParOldGen       total 270336K, used 229785K [0x00000000a0000000, 0x00000000b0800000, 0x00000000e0000000)
  object space 270336K, 84% used [0x00000000a0000000,0x00000000ae066478,0x00000000b0800000)
 Metaspace       used 97479K, capacity 101950K, committed 102296K, reserved 1138688K
  class space    used 12002K, capacity 12848K, committed 12968K, reserved 1048576K
Event: 4349.766 GC heap after
Heap after GC invocations=58 (full 8):
 PSYoungGen      total 400384K, used 78846K [0x00000000e0000000, 0x0000000100000000, 0x0000000100000000)
  eden space 321536K, 0% used [0x00000000e0000000,0x00000000e0000000,0x00000000f3a00000)
  from space 78848K, 99% used [0x00000000fa980000,0x00000000ff67f8b8,0x00000000ff680000)
  to   space 101376K, 0% used [0x00000000f3a00000,0x00000000f3a00000,0x00000000f9d00000)
 ParOldGen       total 270336K, used 252098K [0x00000000a0000000, 0x00000000b0800000, 0x00000000e0000000)
  object space 270336K, 93% used [0x00000000a0000000,0x00000000af630af8,0x00000000b0800000)
 Metaspace       used 97479K, capacity 101950K, committed 102296K, reserved 1138688K
  class space    used 12002K, capacity 12848K, committed 12968K, reserved 1048576K
}
Event: 4349.766 GC heap before
{Heap before GC invocations=59 (full 9):
 PSYoungGen      total 400384K, used 78846K [0x00000000e0000000, 0x0000000100000000, 0x0000000100000000)
  eden space 321536K, 0% used [0x00000000e0000000,0x00000000e0000000,0x00000000f3a00000)
  from space 78848K, 99% used [0x00000000fa980000,0x00000000ff67f8b8,0x00000000ff680000)
  to   space 101376K, 0% used [0x00000000f3a00000,0x00000000f3a00000,0x00000000f9d00000)
 ParOldGen       total 270336K, used 252098K [0x00000000a0000000, 0x00000000b0800000, 0x00000000e0000000)
  object space 270336K, 93% used [0x00000000a0000000,0x00000000af630af8,0x00000000b0800000)
 Metaspace       used 97479K, capacity 101950K, committed 102296K, reserved 1138688K
  class space    used 12002K, capacity 12848K, committed 12968K, reserved 1048576K
Event: 4350.579 GC heap after
Heap after GC invocations=59 (full 9):
 PSYoungGen      total 400384K, used 0K [0x00000000e0000000, 0x0000000100000000, 0x0000000100000000)
  eden space 321536K, 0% used [0x00000000e0000000,0x00000000e0000000,0x00000000f3a00000)
  from space 78848K, 0% used [0x00000000fa980000,0x00000000fa980000,0x00000000ff680000)
  to   space 101376K, 0% used [0x00000000f3a00000,0x00000000f3a00000,0x00000000f9d00000)
 ParOldGen       total 278528K, used 169276K [0x00000000a0000000, 0x00000000b1000000, 0x00000000e0000000)
  object space 278528K, 60% used [0x00000000a0000000,0x00000000aa54f190,0x00000000b1000000)
 Metaspace       used 95386K, capacity 99694K, committed 102296K, reserved 1138688K
  class space    used 11796K, capacity 12620K, committed 12968K, reserved 1048576K
}
Event: 4356.080 GC heap before
{Heap before GC invocations=60 (full 9):
 PSYoungGen      total 400384K, used 321425K [0x00000000e0000000, 0x0000000100000000, 0x0000000100000000)
  eden space 321536K, 99% used [0x00000000e0000000,0x00000000f39e4400,0x00000000f3a00000)
  from space 78848K, 0% used [0x00000000fa980000,0x00000000fa980000,0x00000000ff680000)
  to   space 101376K, 0% used [0x00000000f3a00000,0x00000000f3a00000,0x00000000f9d00000)
 ParOldGen       total 278528K, used 169276K [0x00000000a0000000, 0x00000000b1000000, 0x00000000e0000000)
  object space 278528K, 60% used [0x00000000a0000000,0x00000000aa54f190,0x00000000b1000000)
 Metaspace       used 95416K, capacity 99694K, committed 102296K, reserved 1138688K
  class space    used 11796K, capacity 12620K, committed 12968K, reserved 1048576K
Event: 4356.225 GC heap after
Heap after GC invocations=60 (full 9):
 PSYoungGen      total 415232K, used 93621K [0x00000000e0000000, 0x0000000100000000, 0x0000000100000000)
  eden space 321536K, 0% used [0x00000000e0000000,0x00000000e0000000,0x00000000f3a00000)
  from space 93696K, 99% used [0x00000000f3a00000,0x00000000f956d738,0x00000000f9580000)
  to   space 109056K, 0% used [0x00000000f9580000,0x00000000f9580000,0x0000000100000000)
 ParOldGen       total 278528K, used 169276K [0x00000000a0000000, 0x00000000b1000000, 0x00000000e0000000)
  object space 278528K, 60% used [0x00000000a0000000,0x00000000aa54f190,0x00000000b1000000)
 Metaspace       used 95416K, capacity 99694K, committed 102296K, reserved 1138688K
  class space    used 11796K, capacity 12620K, committed 12968K, reserved 1048576K
}
Event: 4359.682 GC heap before
{Heap before GC invocations=61 (full 9):
 PSYoungGen      total 415232K, used 414307K [0x00000000e0000000, 0x0000000100000000, 0x0000000100000000)
  eden space 321536K, 99% used [0x00000000e0000000,0x00000000f392b728,0x00000000f3a00000)
  from space 93696K, 99% used [0x00000000f3a00000,0x00000000f956d738,0x00000000f9580000)
  to   space 109056K, 0% used [0x00000000f9580000,0x00000000f9580000,0x0000000100000000)
 ParOldGen       total 278528K, used 169276K [0x00000000a0000000, 0x00000000b1000000, 0x00000000e0000000)
  object space 278528K, 60% used [0x00000000a0000000,0x00000000aa54f190,0x00000000b1000000)
 Metaspace       used 95428K, capacity 99694K, committed 102296K, reserved 1138688K
  class space    used 11797K, capacity 12620K, committed 12968K, reserved 1048576K
Event: 4359.720 GC heap after
Heap after GC invocations=61 (full 9):
 PSYoungGen      total 412160K, used 30614K [0x00000000e0000000, 0x0000000100000000, 0x0000000100000000)
  eden space 303104K, 0% used [0x00000000e0000000,0x00000000e0000000,0x00000000f2800000)
  from space 109056K, 28% used [0x00000000f9580000,0x00000000fb365ac0,0x0000000100000000)
  to   space 110592K, 0% used [0x00000000f2800000,0x00000000f2800000,0x00000000f9400000)
 ParOldGen       total 278528K, used 176202K [0x00000000a0000000, 0x00000000b1000000, 0x00000000e0000000)
  object space 278528K, 63% used [0x00000000a0000000,0x00000000aac129b0,0x00000000b1000000)
 Metaspace       used 95428K, capacity 99694K, committed 102296K, reserved 1138688K
  class space    used 11797K, capacity 12620K, committed 12968K, reserved 1048576K
}

