# JRE version: OpenJDK Runtime Environment (8.0_242) (build 1.8.0_242-release-1644-b3-6222593)
# Java VM: OpenJDK 64-Bit Server VM (25.242-b3-6222593 mixed mode linux-amd64 compressed oops)
Heap:
 PSYoungGen      total 467456K, used 103197K [0x00000000e0000000, 0x0000000100000000, 0x0000000100000000)
  eden space 410624K, 11% used [0x00000000e0000000,0x00000000e2d4c5e8,0x00000000f9100000)
  from space 56832K, 99% used [0x00000000f9100000,0x00000000fc87af18,0x00000000fc880000)
  to   space 56832K, 0% used [0x00000000fc880000,0x00000000fc880000,0x0000000100000000)
 ParOldGen       total 443904K, used 264114K [0x00000000a0000000, 0x00000000bb180000, 0x00000000e0000000)
  object space 443904K, 59% used [0x00000000a0000000,0x00000000b01ec838,0x00000000bb180000)
 Metaspace       used 87449K, capacity 91454K, committed 91688K, reserved 1128448K
  class space    used 11424K, capacity 12248K, committed 12336K, reserved 1048576K
GC Heap History (10 events):
Event: 73.659 GC heap before
{Heap before GC invocations=50 (full 4):
 PSYoungGen      total 494592K, used 474394K [0x00000000e0000000, 0x0000000100000000, 0x0000000100000000)
  eden space 464896K, 100% used [0x00000000e0000000,0x00000000fc600000,0x00000000fc600000)
  from space 29696K, 31% used [0x00000000fc600000,0x00000000fcf46918,0x00000000fe300000)
  to   space 28160K, 0% used [0x00000000fe480000,0x00000000fe480000,0x0000000100000000)
 ParOldGen       total 333312K, used 297804K [0x00000000a0000000, 0x00000000b4580000, 0x00000000e0000000)
  object space 333312K, 89% used [0x00000000a0000000,0x00000000b22d31c0,0x00000000b4580000)
 Metaspace       used 87306K, capacity 91302K, committed 91432K, reserved 1128448K
  class space    used 11423K, capacity 12248K, committed 12336K, reserved 1048576K
Event: 73.680 GC heap after
Heap after GC invocations=50 (full 4):
 PSYoungGen      total 491008K, used 7506K [0x00000000e0000000, 0x00000000ffc80000, 0x0000000100000000)
  eden space 466432K, 0% used [0x00000000e0000000,0x00000000e0000000,0x00000000fc780000)
  from space 24576K, 30% used [0x00000000fe480000,0x00000000febd4bf0,0x00000000ffc80000)
  to   space 27136K, 0% used [0x00000000fc780000,0x00000000fc780000,0x00000000fe200000)
 ParOldGen       total 333312K, used 299704K [0x00000000a0000000, 0x00000000b4580000, 0x00000000e0000000)
  object space 333312K, 89% used [0x00000000a0000000,0x00000000b24ae1d0,0x00000000b4580000)
 Metaspace       used 87306K, capacity 91302K, committed 91432K, reserved 1128448K
  class space    used 11423K, capacity 12248K, committed 12336K, reserved 1048576K
}
Event: 75.374 GC heap before
{Heap before GC invocations=51 (full 4):
 PSYoungGen      total 491008K, used 473938K [0x00000000e0000000, 0x00000000ffc80000, 0x0000000100000000)
  eden space 466432K, 100% used [0x00000000e0000000,0x00000000fc780000,0x00000000fc780000)
  from space 24576K, 30% used [0x00000000fe480000,0x00000000febd4bf0,0x00000000ffc80000)
  to   space 27136K, 0% used [0x00000000fc780000,0x00000000fc780000,0x00000000fe200000)
 ParOldGen       total 333312K, used 299704K [0x00000000a0000000, 0x00000000b4580000, 0x00000000e0000000)
  object space 333312K, 89% used [0x00000000a0000000,0x00000000b24ae1d0,0x00000000b4580000)
 Metaspace       used 87310K, capacity 91302K, committed 91432K, reserved 1128448K
  class space    used 11423K, capacity 12248K, committed 12336K, reserved 1048576K
Event: 75.396 GC heap after
Heap after GC invocations=51 (full 4):
 PSYoungGen      total 493568K, used 7344K [0x00000000e0000000, 0x0000000100000000, 0x0000000100000000)
  eden space 466432K, 0% used [0x00000000e0000000,0x00000000e0000000,0x00000000fc780000)
  from space 27136K, 27% used [0x00000000fc780000,0x00000000fceac008,0x00000000fe200000)
  to   space 26112K, 0% used [0x00000000fe680000,0x00000000fe680000,0x0000000100000000)
 ParOldGen       total 333312K, used 305996K [0x00000000a0000000, 0x00000000b4580000, 0x00000000e0000000)
  object space 333312K, 91% used [0x00000000a0000000,0x00000000b2ad3220,0x00000000b4580000)
 Metaspace       used 87310K, capacity 91302K, committed 91432K, reserved 1128448K
  class space    used 11423K, capacity 12248K, committed 12336K, reserved 1048576K
}
Event: 77.413 GC heap before
{Heap before GC invocations=52 (full 4):
 PSYoungGen      total 493568K, used 473776K [0x00000000e0000000, 0x0000000100000000, 0x0000000100000000)
  eden space 466432K, 100% used [0x00000000e0000000,0x00000000fc780000,0x00000000fc780000)
  from space 27136K, 27% used [0x00000000fc780000,0x00000000fceac008,0x00000000fe200000)
  to   space 26112K, 0% used [0x00000000fe680000,0x00000000fe680000,0x0000000100000000)
 ParOldGen       total 333312K, used 305996K [0x00000000a0000000, 0x00000000b4580000, 0x00000000e0000000)
  object space 333312K, 91% used [0x00000000a0000000,0x00000000b2ad3220,0x00000000b4580000)
 Metaspace       used 87377K, capacity 91382K, committed 91688K, reserved 1128448K
  class space    used 11424K, capacity 12248K, committed 12336K, reserved 1048576K
Event: 77.591 GC heap after
Heap after GC invocations=52 (full 4):
 PSYoungGen      total 436736K, used 26102K [0x00000000e0000000, 0x0000000100000000, 0x0000000100000000)
  eden space 410624K, 0% used [0x00000000e0000000,0x00000000e0000000,0x00000000f9100000)
  from space 26112K, 99% used [0x00000000fe680000,0x00000000ffffdbb0,0x0000000100000000)
  to   space 56832K, 0% used [0x00000000f9100000,0x00000000f9100000,0x00000000fc880000)
 ParOldGen       total 377344K, used 377283K [0x00000000a0000000, 0x00000000b7080000, 0x00000000e0000000)
  object space 377344K, 99% used [0x00000000a0000000,0x00000000b7070c58,0x00000000b7080000)
 Metaspace       used 87377K, capacity 91382K, committed 91688K, reserved 1128448K
  class space    used 11424K, capacity 12248K, committed 12336K, reserved 1048576K
}
Event: 77.591 GC heap before
{Heap before GC invocations=53 (full 5):
 PSYoungGen      total 436736K, used 26102K [0x00000000e0000000, 0x0000000100000000, 0x0000000100000000)
  eden space 410624K, 0% used [0x00000000e0000000,0x00000000e0000000,0x00000000f9100000)
  from space 26112K, 99% used [0x00000000fe680000,0x00000000ffffdbb0,0x0000000100000000)
  to   space 56832K, 0% used [0x00000000f9100000,0x00000000f9100000,0x00000000fc880000)
 ParOldGen       total 377344K, used 377283K [0x00000000a0000000, 0x00000000b7080000, 0x00000000e0000000)
  object space 377344K, 99% used [0x00000000a0000000,0x00000000b7070c58,0x00000000b7080000)
 Metaspace       used 87377K, capacity 91382K, committed 91688K, reserved 1128448K
  class space    used 11424K, capacity 12248K, committed 12336K, reserved 1048576K
Event: 78.053 GC heap after
Heap after GC invocations=53 (full 5):
 PSYoungGen      total 436736K, used 0K [0x00000000e0000000, 0x0000000100000000, 0x0000000100000000)
  eden space 410624K, 0% used [0x00000000e0000000,0x00000000e0000000,0x00000000f9100000)
  from space 26112K, 0% used [0x00000000fe680000,0x00000000fe680000,0x0000000100000000)
  to   space 56832K, 0% used [0x00000000f9100000,0x00000000f9100000,0x00000000fc880000)
 ParOldGen       total 443904K, used 198219K [0x00000000a0000000, 0x00000000bb180000, 0x00000000e0000000)
  object space 443904K, 44% used [0x00000000a0000000,0x00000000ac192eb8,0x00000000bb180000)
 Metaspace       used 87377K, capacity 91382K, committed 91688K, reserved 1128448K
  class space    used 11424K, capacity 12248K, committed 12336K, reserved 1048576K
}
Event: 80.831 GC heap before
{Heap before GC invocations=54 (full 5):
 PSYoungGen      total 436736K, used 410624K [0x00000000e0000000, 0x0000000100000000, 0x0000000100000000)
  eden space 410624K, 100% used [0x00000000e0000000,0x00000000f9100000,0x00000000f9100000)
  from space 26112K, 0% used [0x00000000fe680000,0x00000000fe680000,0x0000000100000000)
  to   space 56832K, 0% used [0x00000000f9100000,0x00000000f9100000,0x00000000fc880000)
 ParOldGen       total 443904K, used 198219K [0x00000000a0000000, 0x00000000bb180000, 0x00000000e0000000)
  object space 443904K, 44% used [0x00000000a0000000,0x00000000ac192eb8,0x00000000bb180000)
 Metaspace       used 87449K, capacity 91454K, committed 91688K, reserved 1128448K
  class space    used 11424K, capacity 12248K, committed 12336K, reserved 1048576K
Event: 80.970 GC heap after
Heap after GC invocations=54 (full 5):
 PSYoungGen      total 467456K, used 56811K [0x00000000e0000000, 0x0000000100000000, 0x0000000100000000)
  eden space 410624K, 0% used [0x00000000e0000000,0x00000000e0000000,0x00000000f9100000)
  from space 56832K, 99% used [0x00000000f9100000,0x00000000fc87af18,0x00000000fc880000)
  to   space 56832K, 0% used [0x00000000fc880000,0x00000000fc880000,0x0000000100000000)
 ParOldGen       total 443904K, used 264114K [0x00000000a0000000, 0x00000000bb180000, 0x00000000e0000000)
  object space 443904K, 59% used [0x00000000a0000000,0x00000000b01ec838,0x00000000bb180000)
 Metaspace       used 87449K, capacity 91454K, committed 91688K, reserved 1128448K
  class space    used 11424K, capacity 12248K, committed 12336K, reserved 1048576K
}

