# JRE version: OpenJDK Runtime Environment (8.0_242) (build 1.8.0_242-release-1644-b3-6222593)
# Java VM: OpenJDK 64-Bit Server VM (25.242-b3-6222593 mixed mode linux-amd64 compressed oops)
Heap:
 PSYoungGen      total 415744K, used 340289K [0x00000000e0000000, 0x00000000ff880000, 0x0000000100000000)
  eden space 325120K, 99% used [0x00000000e0000000,0x00000000f3d4a990,0x00000000f3d80000)
  from space 90624K, 16% used [0x00000000fa000000,0x00000000faf05c78,0x00000000ff880000)
  to   space 95744K, 0% used [0x00000000f3d80000,0x00000000f3d80000,0x00000000f9b00000)
 ParOldGen       total 541184K, used 243500K [0x00000000a0000000, 0x00000000c1080000, 0x00000000e0000000)
  object space 541184K, 44% used [0x00000000a0000000,0x00000000aedcb1d0,0x00000000c1080000)
 Metaspace       used 95228K, capacity 99632K, committed 99880K, reserved 1136640K
  class space    used 12437K, capacity 13351K, committed 13360K, reserved 1048576K
GC Heap History (10 events):
Event: 18.883 GC heap before
{Heap before GC invocations=18 (full 4):
 PSYoungGen      total 400896K, used 80056K [0x00000000e0000000, 0x0000000100000000, 0x0000000100000000)
  eden space 295936K, 0% used [0x00000000e0000000,0x00000000e0000000,0x00000000f2100000)
  from space 104960K, 76% used [0x00000000f9980000,0x00000000fe7ae050,0x0000000100000000)
  to   space 114176K, 0% used [0x00000000f2100000,0x00000000f2100000,0x00000000f9080000)
 ParOldGen       total 269824K, used 219198K [0x00000000a0000000, 0x00000000b0780000, 0x00000000e0000000)
  object space 269824K, 81% used [0x00000000a0000000,0x00000000ad60f840,0x00000000b0780000)
 Metaspace       used 78034K, capacity 81860K, committed 81960K, reserved 1120256K
  class space    used 10516K, capacity 11309K, committed 11312K, reserved 1048576K
Event: 19.667 GC heap after
Heap after GC invocations=18 (full 4):
 PSYoungGen      total 400896K, used 0K [0x00000000e0000000, 0x0000000100000000, 0x0000000100000000)
  eden space 295936K, 0% used [0x00000000e0000000,0x00000000e0000000,0x00000000f2100000)
  from space 104960K, 0% used [0x00000000f9980000,0x00000000f9980000,0x0000000100000000)
  to   space 114176K, 0% used [0x00000000f2100000,0x00000000f2100000,0x00000000f9080000)
 ParOldGen       total 541184K, used 225237K [0x00000000a0000000, 0x00000000c1080000, 0x00000000e0000000)
  object space 541184K, 41% used [0x00000000a0000000,0x00000000adbf54c8,0x00000000c1080000)
 Metaspace       used 77928K, capacity 81574K, committed 81960K, reserved 1120256K
  class space    used 10482K, capacity 11248K, committed 11312K, reserved 1048576K
}
Event: 21.139 GC heap before
{Heap before GC invocations=19 (full 4):
 PSYoungGen      total 400896K, used 295936K [0x00000000e0000000, 0x0000000100000000, 0x0000000100000000)
  eden space 295936K, 100% used [0x00000000e0000000,0x00000000f2100000,0x00000000f2100000)
  from space 104960K, 0% used [0x00000000f9980000,0x00000000f9980000,0x0000000100000000)
  to   space 114176K, 0% used [0x00000000f2100000,0x00000000f2100000,0x00000000f9080000)
 ParOldGen       total 541184K, used 225237K [0x00000000a0000000, 0x00000000c1080000, 0x00000000e0000000)
  object space 541184K, 41% used [0x00000000a0000000,0x00000000adbf54c8,0x00000000c1080000)
 Metaspace       used 79125K, capacity 82844K, committed 83112K, reserved 1120256K
  class space    used 10614K, capacity 11383K, committed 11440K, reserved 1048576K
Event: 21.181 GC heap after
Heap after GC invocations=19 (full 4):
 PSYoungGen      total 410112K, used 33032K [0x00000000e0000000, 0x00000000ffe00000, 0x0000000100000000)
  eden space 295936K, 0% used [0x00000000e0000000,0x00000000e0000000,0x00000000f2100000)
  from space 114176K, 28% used [0x00000000f2100000,0x00000000f4142018,0x00000000f9080000)
  to   space 108544K, 0% used [0x00000000f9400000,0x00000000f9400000,0x00000000ffe00000)
 ParOldGen       total 541184K, used 225245K [0x00000000a0000000, 0x00000000c1080000, 0x00000000e0000000)
  object space 541184K, 41% used [0x00000000a0000000,0x00000000adbf74c8,0x00000000c1080000)
 Metaspace       used 79125K, capacity 82844K, committed 83112K, reserved 1120256K
  class space    used 10614K, capacity 11383K, committed 11440K, reserved 1048576K
}
Event: 22.573 GC heap before
{Heap before GC invocations=20 (full 4):
 PSYoungGen      total 410112K, used 320433K [0x00000000e0000000, 0x00000000ffe00000, 0x0000000100000000)
  eden space 295936K, 97% used [0x00000000e0000000,0x00000000f18aa790,0x00000000f2100000)
  from space 114176K, 28% used [0x00000000f2100000,0x00000000f4142018,0x00000000f9080000)
  to   space 108544K, 0% used [0x00000000f9400000,0x00000000f9400000,0x00000000ffe00000)
 ParOldGen       total 541184K, used 225245K [0x00000000a0000000, 0x00000000c1080000, 0x00000000e0000000)
  object space 541184K, 41% used [0x00000000a0000000,0x00000000adbf74c8,0x00000000c1080000)
 Metaspace       used 79704K, capacity 83492K, committed 83752K, reserved 1122304K
  class space    used 10703K, capacity 11477K, committed 11568K, reserved 1048576K
Event: 22.632 GC heap after
Heap after GC invocations=20 (full 4):
 PSYoungGen      total 394240K, used 38152K [0x00000000e0000000, 0x00000000fee80000, 0x0000000100000000)
  eden space 301568K, 0% used [0x00000000e0000000,0x00000000e0000000,0x00000000f2680000)
  from space 92672K, 41% used [0x00000000f9400000,0x00000000fb942258,0x00000000fee80000)
  to   space 102400K, 0% used [0x00000000f2680000,0x00000000f2680000,0x00000000f8a80000)
 ParOldGen       total 541184K, used 241689K [0x00000000a0000000, 0x00000000c1080000, 0x00000000e0000000)
  object space 541184K, 44% used [0x00000000a0000000,0x00000000aec06480,0x00000000c1080000)
 Metaspace       used 79704K, capacity 83492K, committed 83752K, reserved 1122304K
  class space    used 10703K, capacity 11477K, committed 11568K, reserved 1048576K
}
Event: 206.539 GC heap before
{Heap before GC invocations=21 (full 4):
 PSYoungGen      total 394240K, used 339720K [0x00000000e0000000, 0x00000000fee80000, 0x0000000100000000)
  eden space 301568K, 100% used [0x00000000e0000000,0x00000000f2680000,0x00000000f2680000)
  from space 92672K, 41% used [0x00000000f9400000,0x00000000fb942258,0x00000000fee80000)
  to   space 102400K, 0% used [0x00000000f2680000,0x00000000f2680000,0x00000000f8a80000)
 ParOldGen       total 541184K, used 241689K [0x00000000a0000000, 0x00000000c1080000, 0x00000000e0000000)
  object space 541184K, 44% used [0x00000000a0000000,0x00000000aec06480,0x00000000c1080000)
 Metaspace       used 86477K, capacity 90620K, committed 90920K, reserved 1128448K
  class space    used 11470K, capacity 12309K, committed 12336K, reserved 1048576K
Event: 206.607 GC heap after
Heap after GC invocations=21 (full 4):
 PSYoungGen      total 403968K, used 35283K [0x00000000e0000000, 0x00000000ffe80000, 0x0000000100000000)
  eden space 301568K, 0% used [0x00000000e0000000,0x00000000e0000000,0x00000000f2680000)
  from space 102400K, 34% used [0x00000000f2680000,0x00000000f48f4e68,0x00000000f8a80000)
  to   space 96768K, 0% used [0x00000000fa000000,0x00000000fa000000,0x00000000ffe80000)
 ParOldGen       total 541184K, used 243492K [0x00000000a0000000, 0x00000000c1080000, 0x00000000e0000000)
  object space 541184K, 44% used [0x00000000a0000000,0x00000000aedc91d0,0x00000000c1080000)
 Metaspace       used 86477K, capacity 90620K, committed 90920K, reserved 1128448K
  class space    used 11470K, capacity 12309K, committed 12336K, reserved 1048576K
}
Event: 208.581 GC heap before
{Heap before GC invocations=22 (full 4):
 PSYoungGen      total 403968K, used 335956K [0x00000000e0000000, 0x00000000ffe80000, 0x0000000100000000)
  eden space 301568K, 99% used [0x00000000e0000000,0x00000000f25a02d0,0x00000000f2680000)
  from space 102400K, 34% used [0x00000000f2680000,0x00000000f48f4e68,0x00000000f8a80000)
  to   space 96768K, 0% used [0x00000000fa000000,0x00000000fa000000,0x00000000ffe80000)
 ParOldGen       total 541184K, used 243492K [0x00000000a0000000, 0x00000000c1080000, 0x00000000e0000000)
  object space 541184K, 44% used [0x00000000a0000000,0x00000000aedc91d0,0x00000000c1080000)
 Metaspace       used 87369K, capacity 91586K, committed 91816K, reserved 1128448K
  class space    used 11564K, capacity 12414K, committed 12464K, reserved 1048576K
Event: 208.609 GC heap after
Heap after GC invocations=22 (full 4):
 PSYoungGen      total 415744K, used 15383K [0x00000000e0000000, 0x00000000ff880000, 0x0000000100000000)
  eden space 325120K, 0% used [0x00000000e0000000,0x00000000e0000000,0x00000000f3d80000)
  from space 90624K, 16% used [0x00000000fa000000,0x00000000faf05c78,0x00000000ff880000)
  to   space 95744K, 0% used [0x00000000f3d80000,0x00000000f3d80000,0x00000000f9b00000)
 ParOldGen       total 541184K, used 243500K [0x00000000a0000000, 0x00000000c1080000, 0x00000000e0000000)
  object space 541184K, 44% used [0x00000000a0000000,0x00000000aedcb1d0,0x00000000c1080000)
 Metaspace       used 87369K, capacity 91586K, committed 91816K, reserved 1128448K
  class space    used 11564K, capacity 12414K, committed 12464K, reserved 1048576K
}

