# JRE version: OpenJDK Runtime Environment (8.0_212-b04) (build 1.8.0_212-release-1586-b04)
# Java VM: OpenJDK 64-Bit Server VM (25.212-b04 mixed mode windows-amd64 compressed oops)
Heap:
 PSYoungGen      total 202752K, used 166355K [0x00000000e0000000, 0x00000000f1800000, 0x0000000100000000)
  eden space 184832K, 80% used [0x00000000e0000000,0x00000000e91ac588,0x00000000eb480000)
  from space 17920K, 95% used [0x00000000eb480000,0x00000000ec548928,0x00000000ec600000)
  to   space 20480K, 0% used [0x00000000f0400000,0x00000000f0400000,0x00000000f1800000)
 ParOldGen       total 87552K, used 39899K [0x00000000a0000000, 0x00000000a5580000, 0x00000000e0000000)
  object space 87552K, 45% used [0x00000000a0000000,0x00000000a26f6fe8,0x00000000a5580000)
 Metaspace       used 70302K, capacity 72854K, committed 73112K, reserved 1112064K
  class space    used 9287K, capacity 9860K, committed 9896K, reserved 1048576K
GC Heap History (10 events):
Event: 22.903 GC heap before
{Heap before GC invocations=12 (full 2):
 PSYoungGen      total 150016K, used 7044K [0x00000000e0000000, 0x00000000ebf80000, 0x0000000100000000)
  eden space 137216K, 0% used [0x00000000e0000000,0x00000000e0000000,0x00000000e8600000)
  from space 12800K, 55% used [0x00000000e9280000,0x00000000e99611a0,0x00000000e9f00000)
  to   space 12800K, 0% used [0x00000000e8600000,0x00000000e8600000,0x00000000e9280000)
 ParOldGen       total 36864K, used 16595K [0x00000000a0000000, 0x00000000a2400000, 0x00000000e0000000)
  object space 36864K, 45% used [0x00000000a0000000,0x00000000a1034e78,0x00000000a2400000)
 Metaspace       used 34698K, capacity 35404K, committed 35496K, reserved 1079296K
  class space    used 4789K, capacity 4997K, committed 5032K, reserved 1048576K
Event: 23.011 GC heap after
Heap after GC invocations=12 (full 2):
 PSYoungGen      total 150016K, used 0K [0x00000000e0000000, 0x00000000ebf80000, 0x0000000100000000)
  eden space 137216K, 0% used [0x00000000e0000000,0x00000000e0000000,0x00000000e8600000)
  from space 12800K, 0% used [0x00000000e9280000,0x00000000e9280000,0x00000000e9f00000)
  to   space 12800K, 0% used [0x00000000e8600000,0x00000000e8600000,0x00000000e9280000)
 ParOldGen       total 52224K, used 17389K [0x00000000a0000000, 0x00000000a3300000, 0x00000000e0000000)
  object space 52224K, 33% used [0x00000000a0000000,0x00000000a10fb6a0,0x00000000a3300000)
 Metaspace       used 34698K, capacity 35404K, committed 35496K, reserved 1079296K
  class space    used 4789K, capacity 4997K, committed 5032K, reserved 1048576K
}
Event: 61.097 GC heap before
{Heap before GC invocations=13 (full 2):
 PSYoungGen      total 150016K, used 137216K [0x00000000e0000000, 0x00000000ebf80000, 0x0000000100000000)
  eden space 137216K, 100% used [0x00000000e0000000,0x00000000e8600000,0x00000000e8600000)
  from space 12800K, 0% used [0x00000000e9280000,0x00000000e9280000,0x00000000e9f00000)
  to   space 12800K, 0% used [0x00000000e8600000,0x00000000e8600000,0x00000000e9280000)
 ParOldGen       total 52224K, used 17389K [0x00000000a0000000, 0x00000000a3300000, 0x00000000e0000000)
  object space 52224K, 33% used [0x00000000a0000000,0x00000000a10fb6a0,0x00000000a3300000)
 Metaspace       used 46064K, capacity 47172K, committed 47272K, reserved 1089536K
  class space    used 6214K, capacity 6530K, committed 6568K, reserved 1048576K
Event: 61.123 GC heap after
Heap after GC invocations=13 (full 2):
 PSYoungGen      total 150016K, used 12786K [0x00000000e0000000, 0x00000000ed680000, 0x0000000100000000)
  eden space 137216K, 0% used [0x00000000e0000000,0x00000000e0000000,0x00000000e8600000)
  from space 12800K, 99% used [0x00000000e8600000,0x00000000e927cb18,0x00000000e9280000)
  to   space 16896K, 0% used [0x00000000ec600000,0x00000000ec600000,0x00000000ed680000)
 ParOldGen       total 52224K, used 24390K [0x00000000a0000000, 0x00000000a3300000, 0x00000000e0000000)
  object space 52224K, 46% used [0x00000000a0000000,0x00000000a17d1a40,0x00000000a3300000)
 Metaspace       used 46064K, capacity 47172K, committed 47272K, reserved 1089536K
  class space    used 6214K, capacity 6530K, committed 6568K, reserved 1048576K
}
Event: 64.990 GC heap before
{Heap before GC invocations=14 (full 2):
 PSYoungGen      total 150016K, used 143423K [0x00000000e0000000, 0x00000000ed680000, 0x0000000100000000)
  eden space 137216K, 95% used [0x00000000e0000000,0x00000000e7f93400,0x00000000e8600000)
  from space 12800K, 99% used [0x00000000e8600000,0x00000000e927cb18,0x00000000e9280000)
  to   space 16896K, 0% used [0x00000000ec600000,0x00000000ec600000,0x00000000ed680000)
 ParOldGen       total 52224K, used 24390K [0x00000000a0000000, 0x00000000a3300000, 0x00000000e0000000)
  object space 52224K, 46% used [0x00000000a0000000,0x00000000a17d1a40,0x00000000a3300000)
 Metaspace       used 57531K, capacity 59076K, committed 59160K, reserved 1099776K
  class space    used 7757K, capacity 8164K, committed 8232K, reserved 1048576K
Event: 65.030 GC heap after
Heap after GC invocations=14 (full 2):
 PSYoungGen      total 201728K, used 12927K [0x00000000e0000000, 0x00000000ed780000, 0x0000000100000000)
  eden space 184832K, 0% used [0x00000000e0000000,0x00000000e0000000,0x00000000eb480000)
  from space 16896K, 76% used [0x00000000ec600000,0x00000000ed29fc58,0x00000000ed680000)
  to   space 17920K, 0% used [0x00000000eb480000,0x00000000eb480000,0x00000000ec600000)
 ParOldGen       total 52224K, used 36305K [0x00000000a0000000, 0x00000000a3300000, 0x00000000e0000000)
  object space 52224K, 69% used [0x00000000a0000000,0x00000000a2374758,0x00000000a3300000)
 Metaspace       used 57531K, capacity 59076K, committed 59160K, reserved 1099776K
  class space    used 7757K, capacity 8164K, committed 8232K, reserved 1048576K
}
Event: 65.030 GC heap before
{Heap before GC invocations=15 (full 3):
 PSYoungGen      total 201728K, used 12927K [0x00000000e0000000, 0x00000000ed780000, 0x0000000100000000)
  eden space 184832K, 0% used [0x00000000e0000000,0x00000000e0000000,0x00000000eb480000)
  from space 16896K, 76% used [0x00000000ec600000,0x00000000ed29fc58,0x00000000ed680000)
  to   space 17920K, 0% used [0x00000000eb480000,0x00000000eb480000,0x00000000ec600000)
 ParOldGen       total 52224K, used 36305K [0x00000000a0000000, 0x00000000a3300000, 0x00000000e0000000)
  object space 52224K, 69% used [0x00000000a0000000,0x00000000a2374758,0x00000000a3300000)
 Metaspace       used 57531K, capacity 59076K, committed 59160K, reserved 1099776K
  class space    used 7757K, capacity 8164K, committed 8232K, reserved 1048576K
Event: 65.320 GC heap after
Heap after GC invocations=15 (full 3):
 PSYoungGen      total 201728K, used 0K [0x00000000e0000000, 0x00000000ed780000, 0x0000000100000000)
  eden space 184832K, 0% used [0x00000000e0000000,0x00000000e0000000,0x00000000eb480000)
  from space 16896K, 0% used [0x00000000ec600000,0x00000000ec600000,0x00000000ed680000)
  to   space 17920K, 0% used [0x00000000eb480000,0x00000000eb480000,0x00000000ec600000)
 ParOldGen       total 87552K, used 39891K [0x00000000a0000000, 0x00000000a5580000, 0x00000000e0000000)
  object space 87552K, 45% used [0x00000000a0000000,0x00000000a26f4fe8,0x00000000a5580000)
 Metaspace       used 57518K, capacity 59034K, committed 59160K, reserved 1099776K
  class space    used 7753K, capacity 8157K, committed 8232K, reserved 1048576K
}
Event: 81.324 GC heap before
{Heap before GC invocations=16 (full 3):
 PSYoungGen      total 201728K, used 184832K [0x00000000e0000000, 0x00000000ed780000, 0x0000000100000000)
  eden space 184832K, 100% used [0x00000000e0000000,0x00000000eb480000,0x00000000eb480000)
  from space 16896K, 0% used [0x00000000ec600000,0x00000000ec600000,0x00000000ed680000)
  to   space 17920K, 0% used [0x00000000eb480000,0x00000000eb480000,0x00000000ec600000)
 ParOldGen       total 87552K, used 39891K [0x00000000a0000000, 0x00000000a5580000, 0x00000000e0000000)
  object space 87552K, 45% used [0x00000000a0000000,0x00000000a26f4fe8,0x00000000a5580000)
 Metaspace       used 64982K, capacity 67084K, committed 67224K, reserved 1107968K
  class space    used 8872K, capacity 9359K, committed 9384K, reserved 1048576K
Event: 81.386 GC heap after
Heap after GC invocations=16 (full 3):
 PSYoungGen      total 202752K, used 17186K [0x00000000e0000000, 0x00000000f1800000, 0x0000000100000000)
  eden space 184832K, 0% used [0x00000000e0000000,0x00000000e0000000,0x00000000eb480000)
  from space 17920K, 95% used [0x00000000eb480000,0x00000000ec548928,0x00000000ec600000)
  to   space 20480K, 0% used [0x00000000f0400000,0x00000000f0400000,0x00000000f1800000)
 ParOldGen       total 87552K, used 39899K [0x00000000a0000000, 0x00000000a5580000, 0x00000000e0000000)
  object space 87552K, 45% used [0x00000000a0000000,0x00000000a26f6fe8,0x00000000a5580000)
 Metaspace       used 64982K, capacity 67084K, committed 67224K, reserved 1107968K
  class space    used 8872K, capacity 9359K, committed 9384K, reserved 1048576K
}

