# JRE version: OpenJDK Runtime Environment (8.0_242) (build 1.8.0_242-release-1644-b3-6222593)
# Java VM: OpenJDK 64-Bit Server VM (25.242-b3-6222593 mixed mode linux-amd64 compressed oops)
Heap:
 PSYoungGen      total 380928K, used 23768K [0x00000000e0000000, 0x0000000100000000, 0x0000000100000000)
  eden space 237568K, 0% used [0x00000000e0000000,0x00000000e0000000,0x00000000ee800000)
  from space 143360K, 16% used [0x00000000ee800000,0x00000000eff360c0,0x00000000f7400000)
  to   space 136192K, 0% used [0x00000000f7b00000,0x00000000f7b00000,0x0000000100000000)
 ParOldGen       total 662016K, used 579678K [0x00000000a0000000, 0x00000000c8680000, 0x00000000e0000000)
  object space 662016K, 87% used [0x00000000a0000000,0x00000000c3617820,0x00000000c8680000)
 Metaspace       used 171340K, capacity 181832K, committed 191272K, reserved 1216512K
  class space    used 20771K, capacity 22637K, committed 23856K, reserved 1048576K
GC Heap History (10 events):
Event: 23279.337 GC heap after
Heap after GC invocations=284 (full 13):
 PSYoungGen      total 406528K, used 64K [0x00000000e0000000, 0x00000000fff80000, 0x0000000100000000)
  eden space 293376K, 0% used [0x00000000e0000000,0x00000000e0000000,0x00000000f1e80000)
  from space 113152K, 0% used [0x00000000f1e80000,0x00000000f1e90000,0x00000000f8d00000)
  to   space 111104K, 0% used [0x00000000f9300000,0x00000000f9300000,0x00000000fff80000)
 ParOldGen       total 662016K, used 430200K [0x00000000a0000000, 0x00000000c8680000, 0x00000000e0000000)
  object space 662016K, 64% used [0x00000000a0000000,0x00000000ba41e2b0,0x00000000c8680000)
 Metaspace       used 171339K, capacity 181832K, committed 191272K, reserved 1216512K
  class space    used 20771K, capacity 22637K, committed 23856K, reserved 1048576K
}
Event: 23279.653 GC heap before
{Heap before GC invocations=285 (full 13):
 PSYoungGen      total 406528K, used 293440K [0x00000000e0000000, 0x00000000fff80000, 0x0000000100000000)
  eden space 293376K, 100% used [0x00000000e0000000,0x00000000f1e80000,0x00000000f1e80000)
  from space 113152K, 0% used [0x00000000f1e80000,0x00000000f1e90000,0x00000000f8d00000)
  to   space 111104K, 0% used [0x00000000f9300000,0x00000000f9300000,0x00000000fff80000)
 ParOldGen       total 662016K, used 430200K [0x00000000a0000000, 0x00000000c8680000, 0x00000000e0000000)
  object space 662016K, 64% used [0x00000000a0000000,0x00000000ba41e2b0,0x00000000c8680000)
 Metaspace       used 171339K, capacity 181832K, committed 191272K, reserved 1216512K
  class space    used 20771K, capacity 22637K, committed 23856K, reserved 1048576K
Event: 23279.658 GC heap after
Heap after GC invocations=285 (full 13):
 PSYoungGen      total 404480K, used 64K [0x00000000e0000000, 0x00000000ff900000, 0x0000000100000000)
  eden space 300032K, 0% used [0x00000000e0000000,0x00000000e0000000,0x00000000f2500000)
  from space 104448K, 0% used [0x00000000f9300000,0x00000000f9310000,0x00000000ff900000)
  to   space 108544K, 0% used [0x00000000f2500000,0x00000000f2500000,0x00000000f8f00000)
 ParOldGen       total 662016K, used 430216K [0x00000000a0000000, 0x00000000c8680000, 0x00000000e0000000)
  object space 662016K, 64% used [0x00000000a0000000,0x00000000ba4222b0,0x00000000c8680000)
 Metaspace       used 171339K, capacity 181832K, committed 191272K, reserved 1216512K
  class space    used 20771K, capacity 22637K, committed 23856K, reserved 1048576K
}
Event: 23280.164 GC heap before
{Heap before GC invocations=286 (full 13):
 PSYoungGen      total 404480K, used 300096K [0x00000000e0000000, 0x00000000ff900000, 0x0000000100000000)
  eden space 300032K, 100% used [0x00000000e0000000,0x00000000f2500000,0x00000000f2500000)
  from space 104448K, 0% used [0x00000000f9300000,0x00000000f9310000,0x00000000ff900000)
  to   space 108544K, 0% used [0x00000000f2500000,0x00000000f2500000,0x00000000f8f00000)
 ParOldGen       total 662016K, used 430216K [0x00000000a0000000, 0x00000000c8680000, 0x00000000e0000000)
  object space 662016K, 64% used [0x00000000a0000000,0x00000000ba4222b0,0x00000000c8680000)
 Metaspace       used 171340K, capacity 181832K, committed 191272K, reserved 1216512K
  class space    used 20771K, capacity 22637K, committed 23856K, reserved 1048576K
Event: 23280.230 GC heap after
Heap after GC invocations=286 (full 13):
 PSYoungGen      total 399872K, used 99580K [0x00000000e0000000, 0x0000000100000000, 0x0000000100000000)
  eden space 300032K, 0% used [0x00000000e0000000,0x00000000e0000000,0x00000000f2500000)
  from space 99840K, 99% used [0x00000000f2500000,0x00000000f863f3b8,0x00000000f8680000)
  to   space 124416K, 0% used [0x00000000f8680000,0x00000000f8680000,0x0000000100000000)
 ParOldGen       total 662016K, used 430224K [0x00000000a0000000, 0x00000000c8680000, 0x00000000e0000000)
  object space 662016K, 64% used [0x00000000a0000000,0x00000000ba4242b0,0x00000000c8680000)
 Metaspace       used 171340K, capacity 181832K, committed 191272K, reserved 1216512K
  class space    used 20771K, capacity 22637K, committed 23856K, reserved 1048576K
}
Event: 23281.402 GC heap before
{Heap before GC invocations=287 (full 13):
 PSYoungGen      total 399872K, used 399612K [0x00000000e0000000, 0x0000000100000000, 0x0000000100000000)
  eden space 300032K, 100% used [0x00000000e0000000,0x00000000f2500000,0x00000000f2500000)
  from space 99840K, 99% used [0x00000000f2500000,0x00000000f863f3b8,0x00000000f8680000)
  to   space 124416K, 0% used [0x00000000f8680000,0x00000000f8680000,0x0000000100000000)
 ParOldGen       total 662016K, used 430224K [0x00000000a0000000, 0x00000000c8680000, 0x00000000e0000000)
  object space 662016K, 64% used [0x00000000a0000000,0x00000000ba4242b0,0x00000000c8680000)
 Metaspace       used 171340K, capacity 181832K, committed 191272K, reserved 1216512K
  class space    used 20771K, capacity 22637K, committed 23856K, reserved 1048576K
Event: 23281.515 GC heap after
Heap after GC invocations=287 (full 13):
 PSYoungGen      total 361984K, used 104538K [0x00000000e0000000, 0x0000000100000000, 0x0000000100000000)
  eden space 237568K, 0% used [0x00000000e0000000,0x00000000e0000000,0x00000000ee800000)
  from space 124416K, 84% used [0x00000000f8680000,0x00000000fec96bb0,0x0000000100000000)
  to   space 143360K, 0% used [0x00000000ee800000,0x00000000ee800000,0x00000000f7400000)
 ParOldGen       total 662016K, used 504654K [0x00000000a0000000, 0x00000000c8680000, 0x00000000e0000000)
  object space 662016K, 76% used [0x00000000a0000000,0x00000000becd3838,0x00000000c8680000)
 Metaspace       used 171340K, capacity 181832K, committed 191272K, reserved 1216512K
  class space    used 20771K, capacity 22637K, committed 23856K, reserved 1048576K
}
Event: 23281.863 GC heap before
{Heap before GC invocations=288 (full 13):
 PSYoungGen      total 361984K, used 342106K [0x00000000e0000000, 0x0000000100000000, 0x0000000100000000)
  eden space 237568K, 100% used [0x00000000e0000000,0x00000000ee800000,0x00000000ee800000)
  from space 124416K, 84% used [0x00000000f8680000,0x00000000fec96bb0,0x0000000100000000)
  to   space 143360K, 0% used [0x00000000ee800000,0x00000000ee800000,0x00000000f7400000)
 ParOldGen       total 662016K, used 504654K [0x00000000a0000000, 0x00000000c8680000, 0x00000000e0000000)
  object space 662016K, 76% used [0x00000000a0000000,0x00000000becd3838,0x00000000c8680000)
 Metaspace       used 171340K, capacity 181832K, committed 191272K, reserved 1216512K
  class space    used 20771K, capacity 22637K, committed 23856K, reserved 1048576K
Event: 23281.917 GC heap after
Heap after GC invocations=288 (full 13):
 PSYoungGen      total 380928K, used 23768K [0x00000000e0000000, 0x0000000100000000, 0x0000000100000000)
  eden space 237568K, 0% used [0x00000000e0000000,0x00000000e0000000,0x00000000ee800000)
  from space 143360K, 16% used [0x00000000ee800000,0x00000000eff360c0,0x00000000f7400000)
  to   space 136192K, 0% used [0x00000000f7b00000,0x00000000f7b00000,0x0000000100000000)
 ParOldGen       total 662016K, used 579678K [0x00000000a0000000, 0x00000000c8680000, 0x00000000e0000000)
  object space 662016K, 87% used [0x00000000a0000000,0x00000000c3617820,0x00000000c8680000)
 Metaspace       used 171340K, capacity 181832K, committed 191272K, reserved 1216512K
  class space    used 20771K, capacity 22637K, committed 23856K, reserved 1048576K
}
Event: 23281.917 GC heap before
{Heap before GC invocations=289 (full 14):
 PSYoungGen      total 380928K, used 23768K [0x00000000e0000000, 0x0000000100000000, 0x0000000100000000)
  eden space 237568K, 0% used [0x00000000e0000000,0x00000000e0000000,0x00000000ee800000)
  from space 143360K, 16% used [0x00000000ee800000,0x00000000eff360c0,0x00000000f7400000)
  to   space 136192K, 0% used [0x00000000f7b00000,0x00000000f7b00000,0x0000000100000000)
 ParOldGen       total 662016K, used 579678K [0x00000000a0000000, 0x00000000c8680000, 0x00000000e0000000)
  object space 662016K, 87% used [0x00000000a0000000,0x00000000c3617820,0x00000000c8680000)
 Metaspace       used 171340K, capacity 181832K, committed 191272K, reserved 1216512K
  class space    used 20771K, capacity 22637K, committed 23856K, reserved 1048576K

