# JRE version: OpenJDK Runtime Environment (8.0_212-b04) (build 1.8.0_212-release-1586-b04)
# Java VM: OpenJDK 64-Bit Server VM (25.212-b04 mixed mode windows-amd64 compressed oops)
Heap:
 PSYoungGen      total 408576K, used 51560K [0x00000000e0000000, 0x00000000ffb00000, 0x0000000100000000)
  eden space 306176K, 6% used [0x00000000e0000000,0x00000000e12f0d70,0x00000000f2b00000)
  from space 102400K, 31% used [0x00000000f2b00000,0x00000000f4a69680,0x00000000f8f00000)
  to   space 95744K, 0% used [0x00000000f9d80000,0x00000000f9d80000,0x00000000ffb00000)
 ParOldGen       total 326656K, used 164858K [0x00000000a0000000, 0x00000000b3f00000, 0x00000000e0000000)
  object space 326656K, 50% used [0x00000000a0000000,0x00000000aa0fe998,0x00000000b3f00000)
 Metaspace       used 131709K, capacity 138050K, committed 138200K, reserved 1169408K
  class space    used 16416K, capacity 17663K, committed 17664K, reserved 1048576K
GC Heap History (10 events):
Event: 7302.128 GC heap before
{Heap before GC invocations=135 (full 12):
 PSYoungGen      total 391168K, used 366554K [0x00000000e0000000, 0x0000000100000000, 0x0000000100000000)
  eden space 281600K, 100% used [0x00000000e0000000,0x00000000f1300000,0x00000000f1300000)
  from space 109568K, 77% used [0x00000000f9500000,0x00000000fe7f6820,0x0000000100000000)
  to   space 121344K, 0% used [0x00000000f1300000,0x00000000f1300000,0x00000000f8980000)
 ParOldGen       total 326656K, used 135444K [0x00000000a0000000, 0x00000000b3f00000, 0x00000000e0000000)
  object space 326656K, 41% used [0x00000000a0000000,0x00000000a8445180,0x00000000b3f00000)
 Metaspace       used 120868K, capacity 125908K, committed 126168K, reserved 1159168K
  class space    used 15061K, capacity 16064K, committed 16128K, reserved 1048576K
Event: 7302.158 GC heap after
Heap after GC invocations=135 (full 12):
 PSYoungGen      total 402944K, used 7440K [0x00000000e0000000, 0x0000000100000000, 0x0000000100000000)
  eden space 281600K, 0% used [0x00000000e0000000,0x00000000e0000000,0x00000000f1300000)
  from space 121344K, 6% used [0x00000000f1300000,0x00000000f1a443a0,0x00000000f8980000)
  to   space 118272K, 0% used [0x00000000f8c80000,0x00000000f8c80000,0x0000000100000000)
 ParOldGen       total 326656K, used 142236K [0x00000000a0000000, 0x00000000b3f00000, 0x00000000e0000000)
  object space 326656K, 43% used [0x00000000a0000000,0x00000000a8ae7068,0x00000000b3f00000)
 Metaspace       used 120868K, capacity 125908K, committed 126168K, reserved 1159168K
  class space    used 15061K, capacity 16064K, committed 16128K, reserved 1048576K
}
Event: 7303.992 GC heap before
{Heap before GC invocations=136 (full 12):
 PSYoungGen      total 402944K, used 288078K [0x00000000e0000000, 0x0000000100000000, 0x0000000100000000)
  eden space 281600K, 99% used [0x00000000e0000000,0x00000000f120f750,0x00000000f1300000)
  from space 121344K, 6% used [0x00000000f1300000,0x00000000f1a443a0,0x00000000f8980000)
  to   space 118272K, 0% used [0x00000000f8c80000,0x00000000f8c80000,0x0000000100000000)
 ParOldGen       total 326656K, used 142236K [0x00000000a0000000, 0x00000000b3f00000, 0x00000000e0000000)
  object space 326656K, 43% used [0x00000000a0000000,0x00000000a8ae7068,0x00000000b3f00000)
 Metaspace       used 121205K, capacity 126318K, committed 126552K, reserved 1159168K
  class space    used 15109K, capacity 16129K, committed 16256K, reserved 1048576K
Event: 7305.540 GC heap after
Heap after GC invocations=136 (full 12):
 PSYoungGen      total 384512K, used 32136K [0x00000000e0000000, 0x00000000fee00000, 0x0000000100000000)
  eden space 284672K, 0% used [0x00000000e0000000,0x00000000e0000000,0x00000000f1600000)
  from space 99840K, 32% used [0x00000000f8c80000,0x00000000fabe2078,0x00000000fee00000)
  to   space 110592K, 0% used [0x00000000f1600000,0x00000000f1600000,0x00000000f8200000)
 ParOldGen       total 326656K, used 146844K [0x00000000a0000000, 0x00000000b3f00000, 0x00000000e0000000)
  object space 326656K, 44% used [0x00000000a0000000,0x00000000a8f67118,0x00000000b3f00000)
 Metaspace       used 121205K, capacity 126318K, committed 126552K, reserved 1159168K
  class space    used 15109K, capacity 16129K, committed 16256K, reserved 1048576K
}
Event: 10918.411 GC heap before
{Heap before GC invocations=137 (full 12):
 PSYoungGen      total 384512K, used 316808K [0x00000000e0000000, 0x00000000fee00000, 0x0000000100000000)
  eden space 284672K, 100% used [0x00000000e0000000,0x00000000f1600000,0x00000000f1600000)
  from space 99840K, 32% used [0x00000000f8c80000,0x00000000fabe2078,0x00000000fee00000)
  to   space 110592K, 0% used [0x00000000f1600000,0x00000000f1600000,0x00000000f8200000)
 ParOldGen       total 326656K, used 146844K [0x00000000a0000000, 0x00000000b3f00000, 0x00000000e0000000)
  object space 326656K, 44% used [0x00000000a0000000,0x00000000a8f67118,0x00000000b3f00000)
 Metaspace       used 126375K, capacity 131994K, committed 132312K, reserved 1165312K
  class space    used 15722K, capacity 16827K, committed 16896K, reserved 1048576K
Event: 10920.313 GC heap after
Heap after GC invocations=137 (full 12):
 PSYoungGen      total 395264K, used 8860K [0x00000000e0000000, 0x0000000100000000, 0x0000000100000000)
  eden space 284672K, 0% used [0x00000000e0000000,0x00000000e0000000,0x00000000f1600000)
  from space 110592K, 8% used [0x00000000f1600000,0x00000000f1ea7220,0x00000000f8200000)
  to   space 107520K, 0% used [0x00000000f9700000,0x00000000f9700000,0x0000000100000000)
 ParOldGen       total 326656K, used 148356K [0x00000000a0000000, 0x00000000b3f00000, 0x00000000e0000000)
  object space 326656K, 45% used [0x00000000a0000000,0x00000000a90e1310,0x00000000b3f00000)
 Metaspace       used 126375K, capacity 131994K, committed 132312K, reserved 1165312K
  class space    used 15722K, capacity 16827K, committed 16896K, reserved 1048576K
}
Event: 12043.554 GC heap before
{Heap before GC invocations=138 (full 12):
 PSYoungGen      total 395264K, used 293532K [0x00000000e0000000, 0x0000000100000000, 0x0000000100000000)
  eden space 284672K, 100% used [0x00000000e0000000,0x00000000f1600000,0x00000000f1600000)
  from space 110592K, 8% used [0x00000000f1600000,0x00000000f1ea7220,0x00000000f8200000)
  to   space 107520K, 0% used [0x00000000f9700000,0x00000000f9700000,0x0000000100000000)
 ParOldGen       total 326656K, used 148356K [0x00000000a0000000, 0x00000000b3f00000, 0x00000000e0000000)
  object space 326656K, 45% used [0x00000000a0000000,0x00000000a90e1310,0x00000000b3f00000)
 Metaspace       used 131425K, capacity 137798K, committed 137944K, reserved 1169408K
  class space    used 16400K, capacity 17621K, committed 17664K, reserved 1048576K
Event: 12047.142 GC heap after
Heap after GC invocations=138 (full 12):
 PSYoungGen      total 400384K, used 16336K [0x00000000e0000000, 0x00000000ff300000, 0x0000000100000000)
  eden space 306176K, 0% used [0x00000000e0000000,0x00000000e0000000,0x00000000f2b00000)
  from space 94208K, 17% used [0x00000000f9700000,0x00000000fa6f4260,0x00000000ff300000)
  to   space 102400K, 0% used [0x00000000f2b00000,0x00000000f2b00000,0x00000000f8f00000)
 ParOldGen       total 326656K, used 152655K [0x00000000a0000000, 0x00000000b3f00000, 0x00000000e0000000)
  object space 326656K, 46% used [0x00000000a0000000,0x00000000a9513dd8,0x00000000b3f00000)
 Metaspace       used 131425K, capacity 137798K, committed 137944K, reserved 1169408K
  class space    used 16400K, capacity 17621K, committed 17664K, reserved 1048576K
}
Event: 12168.072 GC heap before
{Heap before GC invocations=139 (full 12):
 PSYoungGen      total 400384K, used 322512K [0x00000000e0000000, 0x00000000ff300000, 0x0000000100000000)
  eden space 306176K, 100% used [0x00000000e0000000,0x00000000f2b00000,0x00000000f2b00000)
  from space 94208K, 17% used [0x00000000f9700000,0x00000000fa6f4260,0x00000000ff300000)
  to   space 102400K, 0% used [0x00000000f2b00000,0x00000000f2b00000,0x00000000f8f00000)
 ParOldGen       total 326656K, used 152655K [0x00000000a0000000, 0x00000000b3f00000, 0x00000000e0000000)
  object space 326656K, 46% used [0x00000000a0000000,0x00000000a9513dd8,0x00000000b3f00000)
 Metaspace       used 131709K, capacity 138050K, committed 138200K, reserved 1169408K
  class space    used 16416K, capacity 17663K, committed 17664K, reserved 1048576K
Event: 12168.399 GC heap after
Heap after GC invocations=139 (full 12):
 PSYoungGen      total 408576K, used 32165K [0x00000000e0000000, 0x00000000ffb00000, 0x0000000100000000)
  eden space 306176K, 0% used [0x00000000e0000000,0x00000000e0000000,0x00000000f2b00000)
  from space 102400K, 31% used [0x00000000f2b00000,0x00000000f4a69680,0x00000000f8f00000)
  to   space 95744K, 0% used [0x00000000f9d80000,0x00000000f9d80000,0x00000000ffb00000)
 ParOldGen       total 326656K, used 164858K [0x00000000a0000000, 0x00000000b3f00000, 0x00000000e0000000)
  object space 326656K, 50% used [0x00000000a0000000,0x00000000aa0fe998,0x00000000b3f00000)
 Metaspace       used 131709K, capacity 138050K, committed 138200K, reserved 1169408K
  class space    used 16416K, capacity 17663K, committed 17664K, reserved 1048576K
}

