# JRE version: OpenJDK Runtime Environment (8.0_212-b04) (build 1.8.0_212-release-1586-b04)
# Java VM: OpenJDK 64-Bit Server VM (25.212-b04 mixed mode windows-amd64 compressed oops)
Heap:
 PSYoungGen      total 331264K, used 98348K [0x00000000e0000000, 0x00000000f6700000, 0x0000000100000000)
  eden space 317952K, 26% used [0x00000000e0000000,0x00000000e531ae88,0x00000000f3680000)
  from space 13312K, 99% used [0x00000000f4680000,0x00000000f5370428,0x00000000f5380000)
  to   space 19968K, 0% used [0x00000000f5380000,0x00000000f5380000,0x00000000f6700000)
 ParOldGen       total 80384K, used 59291K [0x00000000a0000000, 0x00000000a4e80000, 0x00000000e0000000)
  object space 80384K, 73% used [0x00000000a0000000,0x00000000a39e6e98,0x00000000a4e80000)
 Metaspace       used 79590K, capacity 83962K, committed 84224K, reserved 1122304K
  class space    used 10301K, capacity 11220K, committed 11264K, reserved 1048576K
GC Heap History (10 events):
Event: 49.524 GC heap before
{Heap before GC invocations=14 (full 2):
 PSYoungGen      total 197632K, used 140850K [0x00000000e0000000, 0x00000000f2200000, 0x0000000100000000)
  eden space 184320K, 69% used [0x00000000e0000000,0x00000000e7c93c20,0x00000000eb400000)
  from space 13312K, 99% used [0x00000000eb400000,0x00000000ec0f8cc0,0x00000000ec100000)
  to   space 17408K, 0% used [0x00000000f1100000,0x00000000f1100000,0x00000000f2200000)
 ParOldGen       total 46592K, used 22204K [0x00000000a0000000, 0x00000000a2d80000, 0x00000000e0000000)
  object space 46592K, 47% used [0x00000000a0000000,0x00000000a15af2d8,0x00000000a2d80000)
 Metaspace       used 57235K, capacity 59082K, committed 59136K, reserved 1099776K
  class space    used 7709K, capacity 8140K, committed 8192K, reserved 1048576K
Event: 49.617 GC heap after
Heap after GC invocations=14 (full 2):
 PSYoungGen      total 276480K, used 13910K [0x00000000e0000000, 0x00000000f2200000, 0x0000000100000000)
  eden space 259072K, 0% used [0x00000000e0000000,0x00000000e0000000,0x00000000efd00000)
  from space 17408K, 79% used [0x00000000f1100000,0x00000000f1e95b58,0x00000000f2200000)
  to   space 18944K, 0% used [0x00000000efd00000,0x00000000efd00000,0x00000000f0f80000)
 ParOldGen       total 46592K, used 33074K [0x00000000a0000000, 0x00000000a2d80000, 0x00000000e0000000)
  object space 46592K, 70% used [0x00000000a0000000,0x00000000a204cbd0,0x00000000a2d80000)
 Metaspace       used 57235K, capacity 59082K, committed 59136K, reserved 1099776K
  class space    used 7709K, capacity 8140K, committed 8192K, reserved 1048576K
}
Event: 49.617 GC heap before
{Heap before GC invocations=15 (full 3):
 PSYoungGen      total 276480K, used 13910K [0x00000000e0000000, 0x00000000f2200000, 0x0000000100000000)
  eden space 259072K, 0% used [0x00000000e0000000,0x00000000e0000000,0x00000000efd00000)
  from space 17408K, 79% used [0x00000000f1100000,0x00000000f1e95b58,0x00000000f2200000)
  to   space 18944K, 0% used [0x00000000efd00000,0x00000000efd00000,0x00000000f0f80000)
 ParOldGen       total 46592K, used 33074K [0x00000000a0000000, 0x00000000a2d80000, 0x00000000e0000000)
  object space 46592K, 70% used [0x00000000a0000000,0x00000000a204cbd0,0x00000000a2d80000)
 Metaspace       used 57235K, capacity 59082K, committed 59136K, reserved 1099776K
  class space    used 7709K, capacity 8140K, committed 8192K, reserved 1048576K
Event: 50.068 GC heap after
Heap after GC invocations=15 (full 3):
 PSYoungGen      total 276480K, used 0K [0x00000000e0000000, 0x00000000f2200000, 0x0000000100000000)
  eden space 259072K, 0% used [0x00000000e0000000,0x00000000e0000000,0x00000000efd00000)
  from space 17408K, 0% used [0x00000000f1100000,0x00000000f1100000,0x00000000f2200000)
  to   space 18944K, 0% used [0x00000000efd00000,0x00000000efd00000,0x00000000f0f80000)
 ParOldGen       total 80384K, used 38244K [0x00000000a0000000, 0x00000000a4e80000, 0x00000000e0000000)
  object space 80384K, 47% used [0x00000000a0000000,0x00000000a2559338,0x00000000a4e80000)
 Metaspace       used 57195K, capacity 58946K, committed 59136K, reserved 1099776K
  class space    used 7698K, capacity 8124K, committed 8192K, reserved 1048576K
}
Event: 69.797 GC heap before
{Heap before GC invocations=16 (full 3):
 PSYoungGen      total 276480K, used 259072K [0x00000000e0000000, 0x00000000f2200000, 0x0000000100000000)
  eden space 259072K, 100% used [0x00000000e0000000,0x00000000efd00000,0x00000000efd00000)
  from space 17408K, 0% used [0x00000000f1100000,0x00000000f1100000,0x00000000f2200000)
  to   space 18944K, 0% used [0x00000000efd00000,0x00000000efd00000,0x00000000f0f80000)
 ParOldGen       total 80384K, used 38244K [0x00000000a0000000, 0x00000000a4e80000, 0x00000000e0000000)
  object space 80384K, 47% used [0x00000000a0000000,0x00000000a2559338,0x00000000a4e80000)
 Metaspace       used 67602K, capacity 70156K, committed 70400K, reserved 1110016K
  class space    used 9168K, capacity 9703K, committed 9728K, reserved 1048576K
Event: 69.876 GC heap after
Heap after GC invocations=16 (full 3):
 PSYoungGen      total 278016K, used 18922K [0x00000000e0000000, 0x00000000f7d80000, 0x0000000100000000)
  eden space 259072K, 0% used [0x00000000e0000000,0x00000000e0000000,0x00000000efd00000)
  from space 18944K, 99% used [0x00000000efd00000,0x00000000f0f7aba8,0x00000000f0f80000)
  to   space 23552K, 0% used [0x00000000f6680000,0x00000000f6680000,0x00000000f7d80000)
 ParOldGen       total 80384K, used 42779K [0x00000000a0000000, 0x00000000a4e80000, 0x00000000e0000000)
  object space 80384K, 53% used [0x00000000a0000000,0x00000000a29c6da8,0x00000000a4e80000)
 Metaspace       used 67602K, capacity 70156K, committed 70400K, reserved 1110016K
  class space    used 9168K, capacity 9703K, committed 9728K, reserved 1048576K
}
Event: 435.308 GC heap before
{Heap before GC invocations=17 (full 3):
 PSYoungGen      total 278016K, used 277994K [0x00000000e0000000, 0x00000000f7d80000, 0x0000000100000000)
  eden space 259072K, 100% used [0x00000000e0000000,0x00000000efd00000,0x00000000efd00000)
  from space 18944K, 99% used [0x00000000efd00000,0x00000000f0f7aba8,0x00000000f0f80000)
  to   space 23552K, 0% used [0x00000000f6680000,0x00000000f6680000,0x00000000f7d80000)
 ParOldGen       total 80384K, used 42779K [0x00000000a0000000, 0x00000000a4e80000, 0x00000000e0000000)
  object space 80384K, 53% used [0x00000000a0000000,0x00000000a29c6da8,0x00000000a4e80000)
 Metaspace       used 77218K, capacity 80724K, committed 80768K, reserved 1120256K
  class space    used 10095K, capacity 10866K, committed 10880K, reserved 1048576K
Event: 435.375 GC heap after
Heap after GC invocations=17 (full 3):
 PSYoungGen      total 348160K, used 15022K [0x00000000e0000000, 0x00000000f7580000, 0x0000000100000000)
  eden space 332800K, 0% used [0x00000000e0000000,0x00000000e0000000,0x00000000f4500000)
  from space 15360K, 97% used [0x00000000f6680000,0x00000000f752b900,0x00000000f7580000)
  to   space 24064K, 0% used [0x00000000f4680000,0x00000000f4680000,0x00000000f5e00000)
 ParOldGen       total 80384K, used 59283K [0x00000000a0000000, 0x00000000a4e80000, 0x00000000e0000000)
  object space 80384K, 73% used [0x00000000a0000000,0x00000000a39e4e98,0x00000000a4e80000)
 Metaspace       used 77218K, capacity 80724K, committed 80768K, reserved 1120256K
  class space    used 10095K, capacity 10866K, committed 10880K, reserved 1048576K
}
Event: 1726.257 GC heap before
{Heap before GC invocations=18 (full 3):
 PSYoungGen      total 348160K, used 347822K [0x00000000e0000000, 0x00000000f7580000, 0x0000000100000000)
  eden space 332800K, 100% used [0x00000000e0000000,0x00000000f4500000,0x00000000f4500000)
  from space 15360K, 97% used [0x00000000f6680000,0x00000000f752b900,0x00000000f7580000)
  to   space 24064K, 0% used [0x00000000f4680000,0x00000000f4680000,0x00000000f5e00000)
 ParOldGen       total 80384K, used 59283K [0x00000000a0000000, 0x00000000a4e80000, 0x00000000e0000000)
  object space 80384K, 73% used [0x00000000a0000000,0x00000000a39e4e98,0x00000000a4e80000)
 Metaspace       used 78789K, capacity 82914K, committed 83072K, reserved 1122304K
  class space    used 10221K, capacity 11108K, committed 11136K, reserved 1048576K
Event: 1731.105 GC heap after
Heap after GC invocations=18 (full 3):
 PSYoungGen      total 331264K, used 13249K [0x00000000e0000000, 0x00000000f6700000, 0x0000000100000000)
  eden space 317952K, 0% used [0x00000000e0000000,0x00000000e0000000,0x00000000f3680000)
  from space 13312K, 99% used [0x00000000f4680000,0x00000000f5370428,0x00000000f5380000)
  to   space 19968K, 0% used [0x00000000f5380000,0x00000000f5380000,0x00000000f6700000)
 ParOldGen       total 80384K, used 59291K [0x00000000a0000000, 0x00000000a4e80000, 0x00000000e0000000)
  object space 80384K, 73% used [0x00000000a0000000,0x00000000a39e6e98,0x00000000a4e80000)
 Metaspace       used 78789K, capacity 82914K, committed 83072K, reserved 1122304K
  class space    used 10221K, capacity 11108K, committed 11136K, reserved 1048576K
}

