# JRE version: OpenJDK Runtime Environment (8.0_212-b04) (build 1.8.0_212-release-1586-b04)
# Java VM: OpenJDK 64-Bit Server VM (25.212-b04 mixed mode windows-amd64 compressed oops)
Heap:
 PSYoungGen      total 412672K, used 259598K [0x00000000e0000000, 0x0000000100000000, 0x0000000100000000)
  eden space 300032K, 82% used [0x00000000e0000000,0x00000000ef1dc0e8,0x00000000f2500000)
  from space 112640K, 10% used [0x00000000f9200000,0x00000000f9da78c0,0x0000000100000000)
  to   space 111616K, 0% used [0x00000000f2500000,0x00000000f2500000,0x00000000f9200000)
 ParOldGen       total 261120K, used 162495K [0x00000000a0000000, 0x00000000aff00000, 0x00000000e0000000)
  object space 261120K, 62% used [0x00000000a0000000,0x00000000a9eaff70,0x00000000aff00000)
 Metaspace       used 101085K, capacity 105488K, committed 105624K, reserved 1140736K
  class space    used 12686K, capacity 13608K, committed 13720K, reserved 1048576K
GC Heap History (10 events):
Event: 555.315 GC heap before
{Heap before GC invocations=29 (full 5):
 PSYoungGen      total 408576K, used 337787K [0x00000000e0000000, 0x00000000ff980000, 0x0000000100000000)
  eden space 307712K, 100% used [0x00000000e0000000,0x00000000f2c80000,0x00000000f2c80000)
  from space 100864K, 29% used [0x00000000f2c80000,0x00000000f49defc0,0x00000000f8f00000)
  to   space 95744K, 0% used [0x00000000f9c00000,0x00000000f9c00000,0x00000000ff980000)
 ParOldGen       total 261120K, used 137277K [0x00000000a0000000, 0x00000000aff00000, 0x00000000e0000000)
  object space 261120K, 52% used [0x00000000a0000000,0x00000000a860f558,0x00000000aff00000)
 Metaspace       used 99130K, capacity 103226K, committed 104216K, reserved 1140736K
  class space    used 12508K, capacity 13386K, committed 13592K, reserved 1048576K
Event: 555.355 GC heap after
Heap after GC invocations=29 (full 5):
 PSYoungGen      total 416768K, used 26667K [0x00000000e0000000, 0x00000000ff300000, 0x0000000100000000)
  eden space 327680K, 0% used [0x00000000e0000000,0x00000000e0000000,0x00000000f4000000)
  from space 89088K, 29% used [0x00000000f9c00000,0x00000000fb60ad38,0x00000000ff300000)
  to   space 91648K, 0% used [0x00000000f4000000,0x00000000f4000000,0x00000000f9980000)
 ParOldGen       total 261120K, used 137285K [0x00000000a0000000, 0x00000000aff00000, 0x00000000e0000000)
  object space 261120K, 52% used [0x00000000a0000000,0x00000000a8611558,0x00000000aff00000)
 Metaspace       used 99130K, capacity 103226K, committed 104216K, reserved 1140736K
  class space    used 12508K, capacity 13386K, committed 13592K, reserved 1048576K
}
Event: 556.396 GC heap before
{Heap before GC invocations=30 (full 5):
 PSYoungGen      total 416768K, used 353638K [0x00000000e0000000, 0x00000000ff300000, 0x0000000100000000)
  eden space 327680K, 99% used [0x00000000e0000000,0x00000000f3f4eb80,0x00000000f4000000)
  from space 89088K, 29% used [0x00000000f9c00000,0x00000000fb60ad38,0x00000000ff300000)
  to   space 91648K, 0% used [0x00000000f4000000,0x00000000f4000000,0x00000000f9980000)
 ParOldGen       total 261120K, used 137285K [0x00000000a0000000, 0x00000000aff00000, 0x00000000e0000000)
  object space 261120K, 52% used [0x00000000a0000000,0x00000000a8611558,0x00000000aff00000)
 Metaspace       used 99159K, capacity 103294K, committed 104216K, reserved 1140736K
  class space    used 12508K, capacity 13386K, committed 13592K, reserved 1048576K
Event: 556.439 GC heap after
Heap after GC invocations=30 (full 5):
 PSYoungGen      total 419328K, used 55293K [0x00000000e0000000, 0x0000000100000000, 0x0000000100000000)
  eden space 327680K, 0% used [0x00000000e0000000,0x00000000e0000000,0x00000000f4000000)
  from space 91648K, 60% used [0x00000000f4000000,0x00000000f75ff608,0x00000000f9980000)
  to   space 93184K, 0% used [0x00000000fa500000,0x00000000fa500000,0x0000000100000000)
 ParOldGen       total 261120K, used 137285K [0x00000000a0000000, 0x00000000aff00000, 0x00000000e0000000)
  object space 261120K, 52% used [0x00000000a0000000,0x00000000a8611558,0x00000000aff00000)
 Metaspace       used 99159K, capacity 103294K, committed 104216K, reserved 1140736K
  class space    used 12508K, capacity 13386K, committed 13592K, reserved 1048576K
}
Event: 644.752 GC heap before
{Heap before GC invocations=31 (full 5):
 PSYoungGen      total 419328K, used 382973K [0x00000000e0000000, 0x0000000100000000, 0x0000000100000000)
  eden space 327680K, 100% used [0x00000000e0000000,0x00000000f4000000,0x00000000f4000000)
  from space 91648K, 60% used [0x00000000f4000000,0x00000000f75ff608,0x00000000f9980000)
  to   space 93184K, 0% used [0x00000000fa500000,0x00000000fa500000,0x0000000100000000)
 ParOldGen       total 261120K, used 137285K [0x00000000a0000000, 0x00000000aff00000, 0x00000000e0000000)
  object space 261120K, 52% used [0x00000000a0000000,0x00000000a8611558,0x00000000aff00000)
 Metaspace       used 100390K, capacity 104644K, committed 104984K, reserved 1140736K
  class space    used 12614K, capacity 13505K, committed 13592K, reserved 1048576K
Event: 644.888 GC heap after
Heap after GC invocations=31 (full 5):
 PSYoungGen      total 413696K, used 75172K [0x00000000e0000000, 0x0000000100000000, 0x0000000100000000)
  eden space 320512K, 0% used [0x00000000e0000000,0x00000000e0000000,0x00000000f3900000)
  from space 93184K, 80% used [0x00000000fa500000,0x00000000fee69008,0x0000000100000000)
  to   space 101888K, 0% used [0x00000000f3900000,0x00000000f3900000,0x00000000f9c80000)
 ParOldGen       total 261120K, used 137293K [0x00000000a0000000, 0x00000000aff00000, 0x00000000e0000000)
  object space 261120K, 52% used [0x00000000a0000000,0x00000000a8613558,0x00000000aff00000)
 Metaspace       used 100390K, capacity 104644K, committed 104984K, reserved 1140736K
  class space    used 12614K, capacity 13505K, committed 13592K, reserved 1048576K
}
Event: 646.929 GC heap before
{Heap before GC invocations=32 (full 5):
 PSYoungGen      total 413696K, used 395684K [0x00000000e0000000, 0x0000000100000000, 0x0000000100000000)
  eden space 320512K, 100% used [0x00000000e0000000,0x00000000f3900000,0x00000000f3900000)
  from space 93184K, 80% used [0x00000000fa500000,0x00000000fee69008,0x0000000100000000)
  to   space 101888K, 0% used [0x00000000f3900000,0x00000000f3900000,0x00000000f9c80000)
 ParOldGen       total 261120K, used 137293K [0x00000000a0000000, 0x00000000aff00000, 0x00000000e0000000)
  object space 261120K, 52% used [0x00000000a0000000,0x00000000a8613558,0x00000000aff00000)
 Metaspace       used 100546K, capacity 104836K, committed 104984K, reserved 1140736K
  class space    used 12620K, capacity 13515K, committed 13592K, reserved 1048576K
Event: 647.090 GC heap after
Heap after GC invocations=32 (full 5):
 PSYoungGen      total 407040K, used 86180K [0x00000000e0000000, 0x0000000100000000, 0x0000000100000000)
  eden space 320512K, 0% used [0x00000000e0000000,0x00000000e0000000,0x00000000f3900000)
  from space 86528K, 99% used [0x00000000f3900000,0x00000000f8d291b0,0x00000000f8d80000)
  to   space 112640K, 0% used [0x00000000f9200000,0x00000000f9200000,0x0000000100000000)
 ParOldGen       total 261120K, used 137301K [0x00000000a0000000, 0x00000000aff00000, 0x00000000e0000000)
  object space 261120K, 52% used [0x00000000a0000000,0x00000000a8615558,0x00000000aff00000)
 Metaspace       used 100546K, capacity 104836K, committed 104984K, reserved 1140736K
  class space    used 12620K, capacity 13515K, committed 13592K, reserved 1048576K
}
Event: 649.251 GC heap before
{Heap before GC invocations=33 (full 5):
 PSYoungGen      total 407040K, used 406692K [0x00000000e0000000, 0x0000000100000000, 0x0000000100000000)
  eden space 320512K, 100% used [0x00000000e0000000,0x00000000f3900000,0x00000000f3900000)
  from space 86528K, 99% used [0x00000000f3900000,0x00000000f8d291b0,0x00000000f8d80000)
  to   space 112640K, 0% used [0x00000000f9200000,0x00000000f9200000,0x0000000100000000)
 ParOldGen       total 261120K, used 137301K [0x00000000a0000000, 0x00000000aff00000, 0x00000000e0000000)
  object space 261120K, 52% used [0x00000000a0000000,0x00000000a8615558,0x00000000aff00000)
 Metaspace       used 100571K, capacity 104842K, committed 104984K, reserved 1140736K
  class space    used 12620K, capacity 13516K, committed 13592K, reserved 1048576K
Event: 649.312 GC heap after
Heap after GC invocations=33 (full 5):
 PSYoungGen      total 412672K, used 11934K [0x00000000e0000000, 0x0000000100000000, 0x0000000100000000)
  eden space 300032K, 0% used [0x00000000e0000000,0x00000000e0000000,0x00000000f2500000)
  from space 112640K, 10% used [0x00000000f9200000,0x00000000f9da78c0,0x0000000100000000)
  to   space 111616K, 0% used [0x00000000f2500000,0x00000000f2500000,0x00000000f9200000)
 ParOldGen       total 261120K, used 162495K [0x00000000a0000000, 0x00000000aff00000, 0x00000000e0000000)
  object space 261120K, 62% used [0x00000000a0000000,0x00000000a9eaff70,0x00000000aff00000)
 Metaspace       used 100571K, capacity 104842K, committed 104984K, reserved 1140736K
  class space    used 12620K, capacity 13516K, committed 13592K, reserved 1048576K
}

